[2.231s] DEBUG:colcon:Command line arguments: ['/usr/bin/colcon', 'build', '--symlink-install']
[2.231s] DEBUG:colcon:Parsed command line arguments: Namespace(log_base=None, log_level=None, verb_name='build', build_base='build', install_base='install', merge_install=False, symlink_install=True, test_result_base=None, continue_on_error=False, executor='parallel', parallel_workers=20, event_handlers=None, ignore_user_meta=False, metas=['./colcon.meta'], base_paths=['.'], packages_ignore=None, packages_ignore_regex=None, paths=None, packages_up_to=None, packages_up_to_regex=None, packages_above=None, packages_above_and_dependencies=None, packages_above_depth=None, packages_select_by_dep=None, packages_skip_by_dep=None, packages_skip_up_to=None, packages_select_build_failed=False, packages_skip_build_finished=False, packages_select_test_failures=False, packages_skip_test_passed=False, packages_select=None, packages_skip=None, packages_select_regex=None, packages_skip_regex=None, packages_start=None, packages_end=None, allow_overriding=[], cmake_args=None, cmake_target=None, cmake_target_skip_unavailable=False, cmake_clean_cache=False, cmake_clean_first=False, cmake_force_configure=False, ament_cmake_args=None, catkin_cmake_args=None, catkin_skip_building_tests=False, verb_parser=<colcon_defaults.argument_parser.defaults.DefaultArgumentsDecorator object at 0x7fe6ee0bee90>, verb_extension=<colcon_core.verb.build.BuildVerb object at 0x7fe6ee0bd060>, main=<bound method BuildVerb.main of <colcon_core.verb.build.BuildVerb object at 0x7fe6ee0bd060>>)
[2.254s] Level 1:colcon.colcon_core.package_discovery:discover_packages(colcon_meta) check parameters
[2.254s] Level 1:colcon.colcon_core.package_discovery:discover_packages(recursive) check parameters
[2.254s] Level 1:colcon.colcon_core.package_discovery:discover_packages(ignore) check parameters
[2.254s] Level 1:colcon.colcon_core.package_discovery:discover_packages(path) check parameters
[2.254s] Level 1:colcon.colcon_core.package_discovery:discover_packages(colcon_meta) discover
[2.254s] Level 1:colcon.colcon_core.package_discovery:discover_packages(recursive) discover
[2.254s] INFO:colcon.colcon_core.package_discovery:Crawling recursively for packages in '/home/chen/ee4308_proj1_2/ee4308_proj1_2'
[2.254s] Level 1:colcon.colcon_core.package_identification:_identify(.) by extensions ['ignore', 'ignore_ament_install']
[2.254s] Level 1:colcon.colcon_core.package_identification:_identify(.) by extension 'ignore'
[2.254s] Level 1:colcon.colcon_core.package_identification:_identify(.) by extension 'ignore_ament_install'
[2.254s] Level 1:colcon.colcon_core.package_identification:_identify(.) by extensions ['colcon_pkg']
[2.254s] Level 1:colcon.colcon_core.package_identification:_identify(.) by extension 'colcon_pkg'
[2.254s] Level 1:colcon.colcon_core.package_identification:_identify(.) by extensions ['colcon_meta']
[2.254s] Level 1:colcon.colcon_core.package_identification:_identify(.) by extension 'colcon_meta'
[2.255s] Level 1:colcon.colcon_core.package_identification:_identify(.) by extensions ['ros']
[2.255s] Level 1:colcon.colcon_core.package_identification:_identify(.) by extension 'ros'
[2.261s] Level 1:colcon.colcon_core.package_identification:_identify(.) by extensions ['cmake', 'python']
[2.261s] Level 1:colcon.colcon_core.package_identification:_identify(.) by extension 'cmake'
[2.262s] Level 1:colcon.colcon_core.package_identification:_identify(.) by extension 'python'
[2.262s] Level 1:colcon.colcon_core.package_identification:_identify(.) by extensions ['python_setup_py']
[2.262s] Level 1:colcon.colcon_core.package_identification:_identify(.) by extension 'python_setup_py'
[2.262s] Level 1:colcon.colcon_core.package_identification:_identify(build) by extensions ['ignore', 'ignore_ament_install']
[2.262s] Level 1:colcon.colcon_core.package_identification:_identify(build) by extension 'ignore'
[2.262s] Level 1:colcon.colcon_core.package_identification:_identify(build) ignored
[2.262s] Level 1:colcon.colcon_core.package_identification:_identify(install) by extensions ['ignore', 'ignore_ament_install']
[2.262s] Level 1:colcon.colcon_core.package_identification:_identify(install) by extension 'ignore'
[2.262s] Level 1:colcon.colcon_core.package_identification:_identify(install) ignored
[2.262s] Level 1:colcon.colcon_core.package_identification:_identify(log) by extensions ['ignore', 'ignore_ament_install']
[2.262s] Level 1:colcon.colcon_core.package_identification:_identify(log) by extension 'ignore'
[2.262s] Level 1:colcon.colcon_core.package_identification:_identify(log) ignored
[2.262s] Level 1:colcon.colcon_core.package_identification:_identify(src) by extensions ['ignore', 'ignore_ament_install']
[2.262s] Level 1:colcon.colcon_core.package_identification:_identify(src) by extension 'ignore'
[2.262s] Level 1:colcon.colcon_core.package_identification:_identify(src) by extension 'ignore_ament_install'
[2.262s] Level 1:colcon.colcon_core.package_identification:_identify(src) by extensions ['colcon_pkg']
[2.262s] Level 1:colcon.colcon_core.package_identification:_identify(src) by extension 'colcon_pkg'
[2.262s] Level 1:colcon.colcon_core.package_identification:_identify(src) by extensions ['colcon_meta']
[2.262s] Level 1:colcon.colcon_core.package_identification:_identify(src) by extension 'colcon_meta'
[2.262s] Level 1:colcon.colcon_core.package_identification:_identify(src) by extensions ['ros']
[2.262s] Level 1:colcon.colcon_core.package_identification:_identify(src) by extension 'ros'
[2.262s] Level 1:colcon.colcon_core.package_identification:_identify(src) by extensions ['cmake', 'python']
[2.262s] Level 1:colcon.colcon_core.package_identification:_identify(src) by extension 'cmake'
[2.262s] Level 1:colcon.colcon_core.package_identification:_identify(src) by extension 'python'
[2.262s] Level 1:colcon.colcon_core.package_identification:_identify(src) by extensions ['python_setup_py']
[2.262s] Level 1:colcon.colcon_core.package_identification:_identify(src) by extension 'python_setup_py'
[2.262s] Level 1:colcon.colcon_core.package_identification:_identify(src/ee4308_bringup) by extensions ['ignore', 'ignore_ament_install']
[2.262s] Level 1:colcon.colcon_core.package_identification:_identify(src/ee4308_bringup) by extension 'ignore'
[2.262s] Level 1:colcon.colcon_core.package_identification:_identify(src/ee4308_bringup) by extension 'ignore_ament_install'
[2.262s] Level 1:colcon.colcon_core.package_identification:_identify(src/ee4308_bringup) by extensions ['colcon_pkg']
[2.262s] Level 1:colcon.colcon_core.package_identification:_identify(src/ee4308_bringup) by extension 'colcon_pkg'
[2.262s] Level 1:colcon.colcon_core.package_identification:_identify(src/ee4308_bringup) by extensions ['colcon_meta']
[2.262s] Level 1:colcon.colcon_core.package_identification:_identify(src/ee4308_bringup) by extension 'colcon_meta'
[2.262s] Level 1:colcon.colcon_core.package_identification:_identify(src/ee4308_bringup) by extensions ['ros']
[2.262s] Level 1:colcon.colcon_core.package_identification:_identify(src/ee4308_bringup) by extension 'ros'
[2.264s] DEBUG:colcon.colcon_core.package_identification:Package 'src/ee4308_bringup' with type 'ros.ament_cmake' and name 'ee4308_bringup'
[2.264s] Level 1:colcon.colcon_core.package_identification:_identify(src/ee4308_interfaces) by extensions ['ignore', 'ignore_ament_install']
[2.264s] Level 1:colcon.colcon_core.package_identification:_identify(src/ee4308_interfaces) by extension 'ignore'
[2.264s] Level 1:colcon.colcon_core.package_identification:_identify(src/ee4308_interfaces) by extension 'ignore_ament_install'
[2.264s] Level 1:colcon.colcon_core.package_identification:_identify(src/ee4308_interfaces) by extensions ['colcon_pkg']
[2.264s] Level 1:colcon.colcon_core.package_identification:_identify(src/ee4308_interfaces) by extension 'colcon_pkg'
[2.264s] Level 1:colcon.colcon_core.package_identification:_identify(src/ee4308_interfaces) by extensions ['colcon_meta']
[2.264s] Level 1:colcon.colcon_core.package_identification:_identify(src/ee4308_interfaces) by extension 'colcon_meta'
[2.264s] Level 1:colcon.colcon_core.package_identification:_identify(src/ee4308_interfaces) by extensions ['ros']
[2.264s] Level 1:colcon.colcon_core.package_identification:_identify(src/ee4308_interfaces) by extension 'ros'
[2.265s] DEBUG:colcon.colcon_core.package_identification:Package 'src/ee4308_interfaces' with type 'ros.ament_cmake' and name 'ee4308_interfaces'
[2.265s] Level 1:colcon.colcon_core.package_identification:_identify(src/ee4308_lib) by extensions ['ignore', 'ignore_ament_install']
[2.265s] Level 1:colcon.colcon_core.package_identification:_identify(src/ee4308_lib) by extension 'ignore'
[2.265s] Level 1:colcon.colcon_core.package_identification:_identify(src/ee4308_lib) by extension 'ignore_ament_install'
[2.265s] Level 1:colcon.colcon_core.package_identification:_identify(src/ee4308_lib) by extensions ['colcon_pkg']
[2.265s] Level 1:colcon.colcon_core.package_identification:_identify(src/ee4308_lib) by extension 'colcon_pkg'
[2.265s] Level 1:colcon.colcon_core.package_identification:_identify(src/ee4308_lib) by extensions ['colcon_meta']
[2.265s] Level 1:colcon.colcon_core.package_identification:_identify(src/ee4308_lib) by extension 'colcon_meta'
[2.265s] Level 1:colcon.colcon_core.package_identification:_identify(src/ee4308_lib) by extensions ['ros']
[2.265s] Level 1:colcon.colcon_core.package_identification:_identify(src/ee4308_lib) by extension 'ros'
[2.265s] DEBUG:colcon.colcon_core.package_identification:Package 'src/ee4308_lib' with type 'ros.ament_cmake' and name 'ee4308_lib'
[2.265s] Level 1:colcon.colcon_core.package_identification:_identify(src/ee4308_turtle) by extensions ['ignore', 'ignore_ament_install']
[2.266s] Level 1:colcon.colcon_core.package_identification:_identify(src/ee4308_turtle) by extension 'ignore'
[2.266s] Level 1:colcon.colcon_core.package_identification:_identify(src/ee4308_turtle) by extension 'ignore_ament_install'
[2.266s] Level 1:colcon.colcon_core.package_identification:_identify(src/ee4308_turtle) by extensions ['colcon_pkg']
[2.266s] Level 1:colcon.colcon_core.package_identification:_identify(src/ee4308_turtle) by extension 'colcon_pkg'
[2.266s] Level 1:colcon.colcon_core.package_identification:_identify(src/ee4308_turtle) by extensions ['colcon_meta']
[2.266s] Level 1:colcon.colcon_core.package_identification:_identify(src/ee4308_turtle) by extension 'colcon_meta'
[2.266s] Level 1:colcon.colcon_core.package_identification:_identify(src/ee4308_turtle) by extensions ['ros']
[2.266s] Level 1:colcon.colcon_core.package_identification:_identify(src/ee4308_turtle) by extension 'ros'
[2.266s] DEBUG:colcon.colcon_core.package_identification:Package 'src/ee4308_turtle' with type 'ros.ament_cmake' and name 'ee4308_turtle'
[2.266s] Level 1:colcon.colcon_core.package_discovery:discover_packages(recursive) using defaults
[2.266s] Level 1:colcon.colcon_core.package_discovery:discover_packages(ignore) discover
[2.266s] Level 1:colcon.colcon_core.package_discovery:discover_packages(ignore) using defaults
[2.266s] Level 1:colcon.colcon_core.package_discovery:discover_packages(path) discover
[2.266s] Level 1:colcon.colcon_core.package_discovery:discover_packages(path) using defaults
[2.309s] Level 1:colcon.colcon_core.package_discovery:discover_packages(prefix_path) check parameters
[2.309s] Level 1:colcon.colcon_core.package_discovery:discover_packages(prefix_path) discover
[2.322s] DEBUG:colcon.colcon_installed_package_information.package_discovery:Found 0 installed packages in /home/chen/ee4308_proj1_2/ee4308_proj1_2/install
[2.329s] DEBUG:colcon.colcon_installed_package_information.package_discovery:Found 425 installed packages in /opt/ros/humble
[2.330s] Level 1:colcon.colcon_core.package_discovery:discover_packages(prefix_path) using defaults
[2.388s] Level 5:colcon.colcon_core.verb:set package 'ee4308_bringup' build argument 'cmake_args' from command line to 'None'
[2.388s] Level 5:colcon.colcon_core.verb:set package 'ee4308_bringup' build argument 'cmake_target' from command line to 'None'
[2.388s] Level 5:colcon.colcon_core.verb:set package 'ee4308_bringup' build argument 'cmake_target_skip_unavailable' from command line to 'False'
[2.388s] Level 5:colcon.colcon_core.verb:set package 'ee4308_bringup' build argument 'cmake_clean_cache' from command line to 'False'
[2.388s] Level 5:colcon.colcon_core.verb:set package 'ee4308_bringup' build argument 'cmake_clean_first' from command line to 'False'
[2.388s] Level 5:colcon.colcon_core.verb:set package 'ee4308_bringup' build argument 'cmake_force_configure' from command line to 'False'
[2.388s] Level 5:colcon.colcon_core.verb:set package 'ee4308_bringup' build argument 'ament_cmake_args' from command line to 'None'
[2.388s] Level 5:colcon.colcon_core.verb:set package 'ee4308_bringup' build argument 'catkin_cmake_args' from command line to 'None'
[2.388s] Level 5:colcon.colcon_core.verb:set package 'ee4308_bringup' build argument 'catkin_skip_building_tests' from command line to 'False'
[2.388s] DEBUG:colcon.colcon_core.verb:Building package 'ee4308_bringup' with the following arguments: {'ament_cmake_args': None, 'build_base': '/home/chen/ee4308_proj1_2/ee4308_proj1_2/build/ee4308_bringup', 'catkin_cmake_args': None, 'catkin_skip_building_tests': False, 'cmake_args': None, 'cmake_clean_cache': False, 'cmake_clean_first': False, 'cmake_force_configure': False, 'cmake_target': None, 'cmake_target_skip_unavailable': False, 'install_base': '/home/chen/ee4308_proj1_2/ee4308_proj1_2/install/ee4308_bringup', 'merge_install': False, 'path': '/home/chen/ee4308_proj1_2/ee4308_proj1_2/src/ee4308_bringup', 'symlink_install': True, 'test_result_base': None}
[2.394s] Level 5:colcon.colcon_core.verb:set package 'ee4308_interfaces' build argument 'cmake_args' from command line to 'None'
[2.395s] Level 5:colcon.colcon_core.verb:set package 'ee4308_interfaces' build argument 'cmake_target' from command line to 'None'
[2.395s] Level 5:colcon.colcon_core.verb:set package 'ee4308_interfaces' build argument 'cmake_target_skip_unavailable' from command line to 'False'
[2.395s] Level 5:colcon.colcon_core.verb:set package 'ee4308_interfaces' build argument 'cmake_clean_cache' from command line to 'False'
[2.395s] Level 5:colcon.colcon_core.verb:set package 'ee4308_interfaces' build argument 'cmake_clean_first' from command line to 'False'
[2.395s] Level 5:colcon.colcon_core.verb:set package 'ee4308_interfaces' build argument 'cmake_force_configure' from command line to 'False'
[2.395s] Level 5:colcon.colcon_core.verb:set package 'ee4308_interfaces' build argument 'ament_cmake_args' from command line to 'None'
[2.395s] Level 5:colcon.colcon_core.verb:set package 'ee4308_interfaces' build argument 'catkin_cmake_args' from command line to 'None'
[2.395s] Level 5:colcon.colcon_core.verb:set package 'ee4308_interfaces' build argument 'catkin_skip_building_tests' from command line to 'False'
[2.395s] DEBUG:colcon.colcon_core.verb:Building package 'ee4308_interfaces' with the following arguments: {'ament_cmake_args': None, 'build_base': '/home/chen/ee4308_proj1_2/ee4308_proj1_2/build/ee4308_interfaces', 'catkin_cmake_args': None, 'catkin_skip_building_tests': False, 'cmake_args': None, 'cmake_clean_cache': False, 'cmake_clean_first': False, 'cmake_force_configure': False, 'cmake_target': None, 'cmake_target_skip_unavailable': False, 'install_base': '/home/chen/ee4308_proj1_2/ee4308_proj1_2/install/ee4308_interfaces', 'merge_install': False, 'path': '/home/chen/ee4308_proj1_2/ee4308_proj1_2/src/ee4308_interfaces', 'symlink_install': True, 'test_result_base': None}
[2.401s] Level 5:colcon.colcon_core.verb:set package 'ee4308_lib' build argument 'cmake_args' from command line to 'None'
[2.401s] Level 5:colcon.colcon_core.verb:set package 'ee4308_lib' build argument 'cmake_target' from command line to 'None'
[2.401s] Level 5:colcon.colcon_core.verb:set package 'ee4308_lib' build argument 'cmake_target_skip_unavailable' from command line to 'False'
[2.401s] Level 5:colcon.colcon_core.verb:set package 'ee4308_lib' build argument 'cmake_clean_cache' from command line to 'False'
[2.401s] Level 5:colcon.colcon_core.verb:set package 'ee4308_lib' build argument 'cmake_clean_first' from command line to 'False'
[2.401s] Level 5:colcon.colcon_core.verb:set package 'ee4308_lib' build argument 'cmake_force_configure' from command line to 'False'
[2.401s] Level 5:colcon.colcon_core.verb:set package 'ee4308_lib' build argument 'ament_cmake_args' from command line to 'None'
[2.401s] Level 5:colcon.colcon_core.verb:set package 'ee4308_lib' build argument 'catkin_cmake_args' from command line to 'None'
[2.401s] Level 5:colcon.colcon_core.verb:set package 'ee4308_lib' build argument 'catkin_skip_building_tests' from command line to 'False'
[2.401s] DEBUG:colcon.colcon_core.verb:Building package 'ee4308_lib' with the following arguments: {'ament_cmake_args': None, 'build_base': '/home/chen/ee4308_proj1_2/ee4308_proj1_2/build/ee4308_lib', 'catkin_cmake_args': None, 'catkin_skip_building_tests': False, 'cmake_args': None, 'cmake_clean_cache': False, 'cmake_clean_first': False, 'cmake_force_configure': False, 'cmake_target': None, 'cmake_target_skip_unavailable': False, 'install_base': '/home/chen/ee4308_proj1_2/ee4308_proj1_2/install/ee4308_lib', 'merge_install': False, 'path': '/home/chen/ee4308_proj1_2/ee4308_proj1_2/src/ee4308_lib', 'symlink_install': True, 'test_result_base': None}
[2.407s] Level 5:colcon.colcon_core.verb:set package 'ee4308_turtle' build argument 'cmake_args' from command line to 'None'
[2.407s] Level 5:colcon.colcon_core.verb:set package 'ee4308_turtle' build argument 'cmake_target' from command line to 'None'
[2.407s] Level 5:colcon.colcon_core.verb:set package 'ee4308_turtle' build argument 'cmake_target_skip_unavailable' from command line to 'False'
[2.407s] Level 5:colcon.colcon_core.verb:set package 'ee4308_turtle' build argument 'cmake_clean_cache' from command line to 'False'
[2.407s] Level 5:colcon.colcon_core.verb:set package 'ee4308_turtle' build argument 'cmake_clean_first' from command line to 'False'
[2.407s] Level 5:colcon.colcon_core.verb:set package 'ee4308_turtle' build argument 'cmake_force_configure' from command line to 'False'
[2.407s] Level 5:colcon.colcon_core.verb:set package 'ee4308_turtle' build argument 'ament_cmake_args' from command line to 'None'
[2.407s] Level 5:colcon.colcon_core.verb:set package 'ee4308_turtle' build argument 'catkin_cmake_args' from command line to 'None'
[2.407s] Level 5:colcon.colcon_core.verb:set package 'ee4308_turtle' build argument 'catkin_skip_building_tests' from command line to 'False'
[2.407s] DEBUG:colcon.colcon_core.verb:Building package 'ee4308_turtle' with the following arguments: {'ament_cmake_args': None, 'build_base': '/home/chen/ee4308_proj1_2/ee4308_proj1_2/build/ee4308_turtle', 'catkin_cmake_args': None, 'catkin_skip_building_tests': False, 'cmake_args': None, 'cmake_clean_cache': False, 'cmake_clean_first': False, 'cmake_force_configure': False, 'cmake_target': None, 'cmake_target_skip_unavailable': False, 'install_base': '/home/chen/ee4308_proj1_2/ee4308_proj1_2/install/ee4308_turtle', 'merge_install': False, 'path': '/home/chen/ee4308_proj1_2/ee4308_proj1_2/src/ee4308_turtle', 'symlink_install': True, 'test_result_base': None}
[2.413s] INFO:colcon.colcon_core.executor:Executing jobs using 'parallel' executor
[2.420s] DEBUG:colcon.colcon_parallel_executor.executor.parallel:run_until_complete
[2.420s] INFO:colcon.colcon_ros.task.ament_cmake.build:Building ROS package in '/home/chen/ee4308_proj1_2/ee4308_proj1_2/src/ee4308_interfaces' with build type 'ament_cmake'
[2.420s] INFO:colcon.colcon_cmake.task.cmake.build:Building CMake package in '/home/chen/ee4308_proj1_2/ee4308_proj1_2/src/ee4308_interfaces'
[2.428s] INFO:colcon.colcon_core.plugin_system:Skipping extension 'colcon_core.shell.bat': Not used on non-Windows systems
[2.428s] INFO:colcon.colcon_core.shell:Skip shell extension 'powershell' for command environment: Not usable outside of PowerShell
[2.428s] DEBUG:colcon.colcon_core.shell:Skip shell extension 'dsv' for command environment
[2.449s] INFO:colcon.colcon_ros.task.ament_cmake.build:Building ROS package in '/home/chen/ee4308_proj1_2/ee4308_proj1_2/src/ee4308_lib' with build type 'ament_cmake'
[2.449s] INFO:colcon.colcon_cmake.task.cmake.build:Building CMake package in '/home/chen/ee4308_proj1_2/ee4308_proj1_2/src/ee4308_lib'
[2.456s] INFO:colcon.colcon_core.shell:Skip shell extension 'powershell' for command environment: Not usable outside of PowerShell
[2.456s] DEBUG:colcon.colcon_core.shell:Skip shell extension 'dsv' for command environment
[2.476s] INFO:colcon.colcon_ros.task.ament_cmake.build:Building ROS package in '/home/chen/ee4308_proj1_2/ee4308_proj1_2/src/ee4308_bringup' with build type 'ament_cmake'
[2.477s] INFO:colcon.colcon_cmake.task.cmake.build:Building CMake package in '/home/chen/ee4308_proj1_2/ee4308_proj1_2/src/ee4308_bringup'
[2.484s] INFO:colcon.colcon_core.shell:Skip shell extension 'powershell' for command environment: Not usable outside of PowerShell
[2.484s] DEBUG:colcon.colcon_core.shell:Skip shell extension 'dsv' for command environment
[2.506s] DEBUG:colcon.colcon_core.event_handler.log_command:Invoking command in '/home/chen/ee4308_proj1_2/ee4308_proj1_2/build/ee4308_interfaces': CMAKE_PREFIX_PATH=/opt/ros/humble /usr/bin/cmake /home/chen/ee4308_proj1_2/ee4308_proj1_2/src/ee4308_interfaces -DAMENT_CMAKE_SYMLINK_INSTALL=1 -DCMAKE_INSTALL_PREFIX=/home/chen/ee4308_proj1_2/ee4308_proj1_2/install/ee4308_interfaces
[2.509s] DEBUG:colcon.colcon_core.event_handler.log_command:Invoking command in '/home/chen/ee4308_proj1_2/ee4308_proj1_2/build/ee4308_lib': CMAKE_PREFIX_PATH=/opt/ros/humble /usr/bin/cmake /home/chen/ee4308_proj1_2/ee4308_proj1_2/src/ee4308_lib -DAMENT_CMAKE_SYMLINK_INSTALL=1 -DCMAKE_INSTALL_PREFIX=/home/chen/ee4308_proj1_2/ee4308_proj1_2/install/ee4308_lib
[2.511s] DEBUG:colcon.colcon_core.event_handler.log_command:Invoking command in '/home/chen/ee4308_proj1_2/ee4308_proj1_2/build/ee4308_bringup': CMAKE_PREFIX_PATH=/opt/ros/humble /usr/bin/cmake /home/chen/ee4308_proj1_2/ee4308_proj1_2/src/ee4308_bringup -DAMENT_CMAKE_SYMLINK_INSTALL=1 -DCMAKE_INSTALL_PREFIX=/home/chen/ee4308_proj1_2/ee4308_proj1_2/install/ee4308_bringup
[5.377s] DEBUG:colcon.colcon_core.event_handler.log_command:Invoked command in '/home/chen/ee4308_proj1_2/ee4308_proj1_2/build/ee4308_bringup' returned '0': CMAKE_PREFIX_PATH=/opt/ros/humble /usr/bin/cmake /home/chen/ee4308_proj1_2/ee4308_proj1_2/src/ee4308_bringup -DAMENT_CMAKE_SYMLINK_INSTALL=1 -DCMAKE_INSTALL_PREFIX=/home/chen/ee4308_proj1_2/ee4308_proj1_2/install/ee4308_bringup
[5.378s] DEBUG:colcon.colcon_core.event_handler.log_command:Invoking command in '/home/chen/ee4308_proj1_2/ee4308_proj1_2/build/ee4308_bringup': CMAKE_PREFIX_PATH=/opt/ros/humble /usr/bin/cmake --build /home/chen/ee4308_proj1_2/ee4308_proj1_2/build/ee4308_bringup -- -j20 -l20
[5.396s] DEBUG:colcon.colcon_core.event_handler.log_command:Invoked command in '/home/chen/ee4308_proj1_2/ee4308_proj1_2/build/ee4308_bringup' returned '0': CMAKE_PREFIX_PATH=/opt/ros/humble /usr/bin/cmake --build /home/chen/ee4308_proj1_2/ee4308_proj1_2/build/ee4308_bringup -- -j20 -l20
[5.409s] DEBUG:colcon.colcon_core.event_handler.log_command:Invoking command in '/home/chen/ee4308_proj1_2/ee4308_proj1_2/build/ee4308_bringup': CMAKE_PREFIX_PATH=/opt/ros/humble /usr/bin/cmake --install /home/chen/ee4308_proj1_2/ee4308_proj1_2/build/ee4308_bringup
[5.657s] Level 1:colcon.colcon_core.environment:create_environment_scripts_only(ee4308_bringup)
[5.657s] DEBUG:colcon.colcon_core.event_handler.log_command:Invoked command in '/home/chen/ee4308_proj1_2/ee4308_proj1_2/build/ee4308_bringup' returned '0': CMAKE_PREFIX_PATH=/opt/ros/humble /usr/bin/cmake --install /home/chen/ee4308_proj1_2/ee4308_proj1_2/build/ee4308_bringup
[5.665s] Level 1:colcon.colcon_core.environment:checking '/home/chen/ee4308_proj1_2/ee4308_proj1_2/install/ee4308_bringup' for CMake module files
[5.665s] Level 1:colcon.colcon_core.environment:checking '/home/chen/ee4308_proj1_2/ee4308_proj1_2/install/ee4308_bringup' for CMake config files
[5.665s] Level 1:colcon.colcon_core.shell:create_environment_hook('ee4308_bringup', 'cmake_prefix_path')
[5.672s] INFO:colcon.colcon_core.shell:Creating environment hook '/home/chen/ee4308_proj1_2/ee4308_proj1_2/install/ee4308_bringup/share/ee4308_bringup/hook/cmake_prefix_path.ps1'
[5.672s] INFO:colcon.colcon_core.shell:Creating environment descriptor '/home/chen/ee4308_proj1_2/ee4308_proj1_2/install/ee4308_bringup/share/ee4308_bringup/hook/cmake_prefix_path.dsv'
[5.672s] INFO:colcon.colcon_core.shell:Creating environment hook '/home/chen/ee4308_proj1_2/ee4308_proj1_2/install/ee4308_bringup/share/ee4308_bringup/hook/cmake_prefix_path.sh'
[5.673s] Level 1:colcon.colcon_core.environment:checking '/home/chen/ee4308_proj1_2/ee4308_proj1_2/install/ee4308_bringup/bin'
[5.673s] Level 1:colcon.colcon_core.environment:checking '/home/chen/ee4308_proj1_2/ee4308_proj1_2/install/ee4308_bringup/lib/pkgconfig/ee4308_bringup.pc'
[5.673s] Level 1:colcon.colcon_core.environment:checking '/home/chen/ee4308_proj1_2/ee4308_proj1_2/install/ee4308_bringup/lib/python3.10/site-packages'
[5.673s] Level 1:colcon.colcon_core.environment:checking '/home/chen/ee4308_proj1_2/ee4308_proj1_2/install/ee4308_bringup/bin'
[5.680s] INFO:colcon.colcon_core.shell:Creating package script '/home/chen/ee4308_proj1_2/ee4308_proj1_2/install/ee4308_bringup/share/ee4308_bringup/package.ps1'
[5.680s] INFO:colcon.colcon_core.shell:Creating package descriptor '/home/chen/ee4308_proj1_2/ee4308_proj1_2/install/ee4308_bringup/share/ee4308_bringup/package.dsv'
[5.680s] INFO:colcon.colcon_core.shell:Creating package script '/home/chen/ee4308_proj1_2/ee4308_proj1_2/install/ee4308_bringup/share/ee4308_bringup/package.sh'
[5.681s] INFO:colcon.colcon_core.shell:Creating package script '/home/chen/ee4308_proj1_2/ee4308_proj1_2/install/ee4308_bringup/share/ee4308_bringup/package.bash'
[5.681s] INFO:colcon.colcon_core.shell:Creating package script '/home/chen/ee4308_proj1_2/ee4308_proj1_2/install/ee4308_bringup/share/ee4308_bringup/package.zsh'
[5.681s] Level 1:colcon.colcon_core.environment:create_file_with_runtime_dependencies(/home/chen/ee4308_proj1_2/ee4308_proj1_2/install/ee4308_bringup/share/colcon-core/packages/ee4308_bringup)
[5.697s] Level 1:colcon.colcon_core.environment:create_environment_scripts_only(ee4308_bringup)
[5.703s] Level 1:colcon.colcon_core.environment:checking '/home/chen/ee4308_proj1_2/ee4308_proj1_2/install/ee4308_bringup' for CMake module files
[5.704s] Level 1:colcon.colcon_core.environment:checking '/home/chen/ee4308_proj1_2/ee4308_proj1_2/install/ee4308_bringup' for CMake config files
[5.704s] Level 1:colcon.colcon_core.shell:create_environment_hook('ee4308_bringup', 'cmake_prefix_path')
[5.710s] INFO:colcon.colcon_core.shell:Creating environment hook '/home/chen/ee4308_proj1_2/ee4308_proj1_2/install/ee4308_bringup/share/ee4308_bringup/hook/cmake_prefix_path.ps1'
[5.711s] INFO:colcon.colcon_core.shell:Creating environment descriptor '/home/chen/ee4308_proj1_2/ee4308_proj1_2/install/ee4308_bringup/share/ee4308_bringup/hook/cmake_prefix_path.dsv'
[5.711s] INFO:colcon.colcon_core.shell:Creating environment hook '/home/chen/ee4308_proj1_2/ee4308_proj1_2/install/ee4308_bringup/share/ee4308_bringup/hook/cmake_prefix_path.sh'
[5.711s] Level 1:colcon.colcon_core.environment:checking '/home/chen/ee4308_proj1_2/ee4308_proj1_2/install/ee4308_bringup/bin'
[5.711s] Level 1:colcon.colcon_core.environment:checking '/home/chen/ee4308_proj1_2/ee4308_proj1_2/install/ee4308_bringup/lib/pkgconfig/ee4308_bringup.pc'
[5.711s] Level 1:colcon.colcon_core.environment:checking '/home/chen/ee4308_proj1_2/ee4308_proj1_2/install/ee4308_bringup/lib/python3.10/site-packages'
[5.711s] Level 1:colcon.colcon_core.environment:checking '/home/chen/ee4308_proj1_2/ee4308_proj1_2/install/ee4308_bringup/bin'
[5.717s] INFO:colcon.colcon_core.shell:Creating package script '/home/chen/ee4308_proj1_2/ee4308_proj1_2/install/ee4308_bringup/share/ee4308_bringup/package.ps1'
[5.717s] INFO:colcon.colcon_core.shell:Creating package descriptor '/home/chen/ee4308_proj1_2/ee4308_proj1_2/install/ee4308_bringup/share/ee4308_bringup/package.dsv'
[5.718s] INFO:colcon.colcon_core.shell:Creating package script '/home/chen/ee4308_proj1_2/ee4308_proj1_2/install/ee4308_bringup/share/ee4308_bringup/package.sh'
[5.718s] INFO:colcon.colcon_core.shell:Creating package script '/home/chen/ee4308_proj1_2/ee4308_proj1_2/install/ee4308_bringup/share/ee4308_bringup/package.bash'
[5.718s] INFO:colcon.colcon_core.shell:Creating package script '/home/chen/ee4308_proj1_2/ee4308_proj1_2/install/ee4308_bringup/share/ee4308_bringup/package.zsh'
[5.718s] Level 1:colcon.colcon_core.environment:create_file_with_runtime_dependencies(/home/chen/ee4308_proj1_2/ee4308_proj1_2/install/ee4308_bringup/share/colcon-core/packages/ee4308_bringup)
[8.285s] DEBUG:colcon.colcon_core.event_handler.log_command:Invoked command in '/home/chen/ee4308_proj1_2/ee4308_proj1_2/build/ee4308_interfaces' returned '0': CMAKE_PREFIX_PATH=/opt/ros/humble /usr/bin/cmake /home/chen/ee4308_proj1_2/ee4308_proj1_2/src/ee4308_interfaces -DAMENT_CMAKE_SYMLINK_INSTALL=1 -DCMAKE_INSTALL_PREFIX=/home/chen/ee4308_proj1_2/ee4308_proj1_2/install/ee4308_interfaces
[8.285s] DEBUG:colcon.colcon_core.event_handler.log_command:Invoking command in '/home/chen/ee4308_proj1_2/ee4308_proj1_2/build/ee4308_interfaces': CMAKE_PREFIX_PATH=/opt/ros/humble /usr/bin/cmake --build /home/chen/ee4308_proj1_2/ee4308_proj1_2/build/ee4308_interfaces -- -j20 -l20
[10.346s] DEBUG:colcon.colcon_core.event_handler.log_command:Invoked command in '/home/chen/ee4308_proj1_2/ee4308_proj1_2/build/ee4308_interfaces' returned '0': CMAKE_PREFIX_PATH=/opt/ros/humble /usr/bin/cmake --build /home/chen/ee4308_proj1_2/ee4308_proj1_2/build/ee4308_interfaces -- -j20 -l20
[10.373s] DEBUG:colcon.colcon_core.event_handler.log_command:Invoking command in '/home/chen/ee4308_proj1_2/ee4308_proj1_2/build/ee4308_interfaces': CMAKE_PREFIX_PATH=/opt/ros/humble /usr/bin/cmake --install /home/chen/ee4308_proj1_2/ee4308_proj1_2/build/ee4308_interfaces
[10.644s] Level 1:colcon.colcon_core.environment:create_environment_scripts_only(ee4308_interfaces)
[10.645s] DEBUG:colcon.colcon_core.event_handler.log_command:Invoked command in '/home/chen/ee4308_proj1_2/ee4308_proj1_2/build/ee4308_interfaces' returned '0': CMAKE_PREFIX_PATH=/opt/ros/humble /usr/bin/cmake --install /home/chen/ee4308_proj1_2/ee4308_proj1_2/build/ee4308_interfaces
[10.652s] Level 1:colcon.colcon_core.environment:checking '/home/chen/ee4308_proj1_2/ee4308_proj1_2/install/ee4308_interfaces' for CMake module files
[10.652s] Level 1:colcon.colcon_core.environment:checking '/home/chen/ee4308_proj1_2/ee4308_proj1_2/install/ee4308_interfaces' for CMake config files
[10.653s] Level 1:colcon.colcon_core.shell:create_environment_hook('ee4308_interfaces', 'cmake_prefix_path')
[10.660s] INFO:colcon.colcon_core.shell:Creating environment hook '/home/chen/ee4308_proj1_2/ee4308_proj1_2/install/ee4308_interfaces/share/ee4308_interfaces/hook/cmake_prefix_path.ps1'
[10.660s] INFO:colcon.colcon_core.shell:Creating environment descriptor '/home/chen/ee4308_proj1_2/ee4308_proj1_2/install/ee4308_interfaces/share/ee4308_interfaces/hook/cmake_prefix_path.dsv'
[10.660s] INFO:colcon.colcon_core.shell:Creating environment hook '/home/chen/ee4308_proj1_2/ee4308_proj1_2/install/ee4308_interfaces/share/ee4308_interfaces/hook/cmake_prefix_path.sh'
[10.661s] Level 1:colcon.colcon_core.environment:checking '/home/chen/ee4308_proj1_2/ee4308_proj1_2/install/ee4308_interfaces/lib'
[10.661s] Level 1:colcon.colcon_core.shell:create_environment_hook('ee4308_interfaces', 'ld_library_path_lib')
[10.667s] INFO:colcon.colcon_core.shell:Creating environment hook '/home/chen/ee4308_proj1_2/ee4308_proj1_2/install/ee4308_interfaces/share/ee4308_interfaces/hook/ld_library_path_lib.ps1'
[10.667s] INFO:colcon.colcon_core.shell:Creating environment descriptor '/home/chen/ee4308_proj1_2/ee4308_proj1_2/install/ee4308_interfaces/share/ee4308_interfaces/hook/ld_library_path_lib.dsv'
[10.667s] INFO:colcon.colcon_core.shell:Creating environment hook '/home/chen/ee4308_proj1_2/ee4308_proj1_2/install/ee4308_interfaces/share/ee4308_interfaces/hook/ld_library_path_lib.sh'
[10.668s] Level 1:colcon.colcon_core.environment:checking '/home/chen/ee4308_proj1_2/ee4308_proj1_2/install/ee4308_interfaces/bin'
[10.668s] Level 1:colcon.colcon_core.environment:checking '/home/chen/ee4308_proj1_2/ee4308_proj1_2/install/ee4308_interfaces/lib/pkgconfig/ee4308_interfaces.pc'
[10.668s] Level 1:colcon.colcon_core.environment:checking '/home/chen/ee4308_proj1_2/ee4308_proj1_2/install/ee4308_interfaces/lib/python3.10/site-packages'
[10.668s] Level 1:colcon.colcon_core.environment:checking '/home/chen/ee4308_proj1_2/ee4308_proj1_2/install/ee4308_interfaces/bin'
[10.674s] INFO:colcon.colcon_core.shell:Creating package script '/home/chen/ee4308_proj1_2/ee4308_proj1_2/install/ee4308_interfaces/share/ee4308_interfaces/package.ps1'
[10.675s] INFO:colcon.colcon_core.shell:Creating package descriptor '/home/chen/ee4308_proj1_2/ee4308_proj1_2/install/ee4308_interfaces/share/ee4308_interfaces/package.dsv'
[10.675s] INFO:colcon.colcon_core.shell:Creating package script '/home/chen/ee4308_proj1_2/ee4308_proj1_2/install/ee4308_interfaces/share/ee4308_interfaces/package.sh'
[10.675s] INFO:colcon.colcon_core.shell:Creating package script '/home/chen/ee4308_proj1_2/ee4308_proj1_2/install/ee4308_interfaces/share/ee4308_interfaces/package.bash'
[10.675s] INFO:colcon.colcon_core.shell:Creating package script '/home/chen/ee4308_proj1_2/ee4308_proj1_2/install/ee4308_interfaces/share/ee4308_interfaces/package.zsh'
[10.675s] Level 1:colcon.colcon_core.environment:create_file_with_runtime_dependencies(/home/chen/ee4308_proj1_2/ee4308_proj1_2/install/ee4308_interfaces/share/colcon-core/packages/ee4308_interfaces)
[10.708s] Level 1:colcon.colcon_core.environment:create_environment_scripts_only(ee4308_interfaces)
[10.714s] Level 1:colcon.colcon_core.environment:checking '/home/chen/ee4308_proj1_2/ee4308_proj1_2/install/ee4308_interfaces' for CMake module files
[10.715s] Level 1:colcon.colcon_core.environment:checking '/home/chen/ee4308_proj1_2/ee4308_proj1_2/install/ee4308_interfaces' for CMake config files
[10.715s] Level 1:colcon.colcon_core.shell:create_environment_hook('ee4308_interfaces', 'cmake_prefix_path')
[10.721s] INFO:colcon.colcon_core.shell:Creating environment hook '/home/chen/ee4308_proj1_2/ee4308_proj1_2/install/ee4308_interfaces/share/ee4308_interfaces/hook/cmake_prefix_path.ps1'
[10.722s] INFO:colcon.colcon_core.shell:Creating environment descriptor '/home/chen/ee4308_proj1_2/ee4308_proj1_2/install/ee4308_interfaces/share/ee4308_interfaces/hook/cmake_prefix_path.dsv'
[10.722s] INFO:colcon.colcon_core.shell:Creating environment hook '/home/chen/ee4308_proj1_2/ee4308_proj1_2/install/ee4308_interfaces/share/ee4308_interfaces/hook/cmake_prefix_path.sh'
[10.722s] Level 1:colcon.colcon_core.environment:checking '/home/chen/ee4308_proj1_2/ee4308_proj1_2/install/ee4308_interfaces/lib'
[10.722s] Level 1:colcon.colcon_core.shell:create_environment_hook('ee4308_interfaces', 'ld_library_path_lib')
[10.728s] INFO:colcon.colcon_core.shell:Creating environment hook '/home/chen/ee4308_proj1_2/ee4308_proj1_2/install/ee4308_interfaces/share/ee4308_interfaces/hook/ld_library_path_lib.ps1'
[10.729s] INFO:colcon.colcon_core.shell:Creating environment descriptor '/home/chen/ee4308_proj1_2/ee4308_proj1_2/install/ee4308_interfaces/share/ee4308_interfaces/hook/ld_library_path_lib.dsv'
[10.729s] INFO:colcon.colcon_core.shell:Creating environment hook '/home/chen/ee4308_proj1_2/ee4308_proj1_2/install/ee4308_interfaces/share/ee4308_interfaces/hook/ld_library_path_lib.sh'
[10.729s] Level 1:colcon.colcon_core.environment:checking '/home/chen/ee4308_proj1_2/ee4308_proj1_2/install/ee4308_interfaces/bin'
[10.729s] Level 1:colcon.colcon_core.environment:checking '/home/chen/ee4308_proj1_2/ee4308_proj1_2/install/ee4308_interfaces/lib/pkgconfig/ee4308_interfaces.pc'
[10.729s] Level 1:colcon.colcon_core.environment:checking '/home/chen/ee4308_proj1_2/ee4308_proj1_2/install/ee4308_interfaces/lib/python3.10/site-packages'
[10.729s] Level 1:colcon.colcon_core.environment:checking '/home/chen/ee4308_proj1_2/ee4308_proj1_2/install/ee4308_interfaces/bin'
[10.736s] INFO:colcon.colcon_core.shell:Creating package script '/home/chen/ee4308_proj1_2/ee4308_proj1_2/install/ee4308_interfaces/share/ee4308_interfaces/package.ps1'
[10.736s] INFO:colcon.colcon_core.shell:Creating package descriptor '/home/chen/ee4308_proj1_2/ee4308_proj1_2/install/ee4308_interfaces/share/ee4308_interfaces/package.dsv'
[10.736s] INFO:colcon.colcon_core.shell:Creating package script '/home/chen/ee4308_proj1_2/ee4308_proj1_2/install/ee4308_interfaces/share/ee4308_interfaces/package.sh'
[10.737s] INFO:colcon.colcon_core.shell:Creating package script '/home/chen/ee4308_proj1_2/ee4308_proj1_2/install/ee4308_interfaces/share/ee4308_interfaces/package.bash'
[10.737s] INFO:colcon.colcon_core.shell:Creating package script '/home/chen/ee4308_proj1_2/ee4308_proj1_2/install/ee4308_interfaces/share/ee4308_interfaces/package.zsh'
[10.737s] Level 1:colcon.colcon_core.environment:create_file_with_runtime_dependencies(/home/chen/ee4308_proj1_2/ee4308_proj1_2/install/ee4308_interfaces/share/colcon-core/packages/ee4308_interfaces)
[81.241s] DEBUG:colcon.colcon_core.event_handler.log_command:Invoked command in '/home/chen/ee4308_proj1_2/ee4308_proj1_2/build/ee4308_lib' returned '0': CMAKE_PREFIX_PATH=/opt/ros/humble /usr/bin/cmake /home/chen/ee4308_proj1_2/ee4308_proj1_2/src/ee4308_lib -DAMENT_CMAKE_SYMLINK_INSTALL=1 -DCMAKE_INSTALL_PREFIX=/home/chen/ee4308_proj1_2/ee4308_proj1_2/install/ee4308_lib
[81.242s] DEBUG:colcon.colcon_core.event_handler.log_command:Invoking command in '/home/chen/ee4308_proj1_2/ee4308_proj1_2/build/ee4308_lib': CMAKE_PREFIX_PATH=/opt/ros/humble /usr/bin/cmake --build /home/chen/ee4308_proj1_2/ee4308_proj1_2/build/ee4308_lib -- -j20 -l20
[81.262s] DEBUG:colcon.colcon_core.event_handler.log_command:Invoked command in '/home/chen/ee4308_proj1_2/ee4308_proj1_2/build/ee4308_lib' returned '0': CMAKE_PREFIX_PATH=/opt/ros/humble /usr/bin/cmake --build /home/chen/ee4308_proj1_2/ee4308_proj1_2/build/ee4308_lib -- -j20 -l20
[81.272s] DEBUG:colcon.colcon_core.event_handler.log_command:Invoking command in '/home/chen/ee4308_proj1_2/ee4308_proj1_2/build/ee4308_lib': CMAKE_PREFIX_PATH=/opt/ros/humble /usr/bin/cmake --install /home/chen/ee4308_proj1_2/ee4308_proj1_2/build/ee4308_lib
[81.385s] Level 1:colcon.colcon_core.environment:create_environment_scripts_only(ee4308_lib)
[81.385s] DEBUG:colcon.colcon_core.event_handler.log_command:Invoked command in '/home/chen/ee4308_proj1_2/ee4308_proj1_2/build/ee4308_lib' returned '0': CMAKE_PREFIX_PATH=/opt/ros/humble /usr/bin/cmake --install /home/chen/ee4308_proj1_2/ee4308_proj1_2/build/ee4308_lib
[81.392s] Level 1:colcon.colcon_core.environment:checking '/home/chen/ee4308_proj1_2/ee4308_proj1_2/install/ee4308_lib' for CMake module files
[81.392s] Level 1:colcon.colcon_core.environment:checking '/home/chen/ee4308_proj1_2/ee4308_proj1_2/install/ee4308_lib' for CMake config files
[81.392s] Level 1:colcon.colcon_core.shell:create_environment_hook('ee4308_lib', 'cmake_prefix_path')
[81.398s] INFO:colcon.colcon_core.shell:Creating environment hook '/home/chen/ee4308_proj1_2/ee4308_proj1_2/install/ee4308_lib/share/ee4308_lib/hook/cmake_prefix_path.ps1'
[81.398s] INFO:colcon.colcon_core.shell:Creating environment descriptor '/home/chen/ee4308_proj1_2/ee4308_proj1_2/install/ee4308_lib/share/ee4308_lib/hook/cmake_prefix_path.dsv'
[81.398s] INFO:colcon.colcon_core.shell:Creating environment hook '/home/chen/ee4308_proj1_2/ee4308_proj1_2/install/ee4308_lib/share/ee4308_lib/hook/cmake_prefix_path.sh'
[81.399s] Level 1:colcon.colcon_core.environment:checking '/home/chen/ee4308_proj1_2/ee4308_proj1_2/install/ee4308_lib/bin'
[81.399s] Level 1:colcon.colcon_core.environment:checking '/home/chen/ee4308_proj1_2/ee4308_proj1_2/install/ee4308_lib/lib/pkgconfig/ee4308_lib.pc'
[81.399s] Level 1:colcon.colcon_core.environment:checking '/home/chen/ee4308_proj1_2/ee4308_proj1_2/install/ee4308_lib/lib/python3.10/site-packages'
[81.399s] Level 1:colcon.colcon_core.environment:checking '/home/chen/ee4308_proj1_2/ee4308_proj1_2/install/ee4308_lib/bin'
[81.405s] INFO:colcon.colcon_core.shell:Creating package script '/home/chen/ee4308_proj1_2/ee4308_proj1_2/install/ee4308_lib/share/ee4308_lib/package.ps1'
[81.405s] INFO:colcon.colcon_core.shell:Creating package descriptor '/home/chen/ee4308_proj1_2/ee4308_proj1_2/install/ee4308_lib/share/ee4308_lib/package.dsv'
[81.406s] INFO:colcon.colcon_core.shell:Creating package script '/home/chen/ee4308_proj1_2/ee4308_proj1_2/install/ee4308_lib/share/ee4308_lib/package.sh'
[81.406s] INFO:colcon.colcon_core.shell:Creating package script '/home/chen/ee4308_proj1_2/ee4308_proj1_2/install/ee4308_lib/share/ee4308_lib/package.bash'
[81.406s] INFO:colcon.colcon_core.shell:Creating package script '/home/chen/ee4308_proj1_2/ee4308_proj1_2/install/ee4308_lib/share/ee4308_lib/package.zsh'
[81.406s] Level 1:colcon.colcon_core.environment:create_file_with_runtime_dependencies(/home/chen/ee4308_proj1_2/ee4308_proj1_2/install/ee4308_lib/share/colcon-core/packages/ee4308_lib)
[81.424s] Level 1:colcon.colcon_core.environment:create_environment_scripts_only(ee4308_lib)
[81.430s] Level 1:colcon.colcon_core.environment:checking '/home/chen/ee4308_proj1_2/ee4308_proj1_2/install/ee4308_lib' for CMake module files
[81.430s] Level 1:colcon.colcon_core.environment:checking '/home/chen/ee4308_proj1_2/ee4308_proj1_2/install/ee4308_lib' for CMake config files
[81.430s] Level 1:colcon.colcon_core.shell:create_environment_hook('ee4308_lib', 'cmake_prefix_path')
[81.436s] INFO:colcon.colcon_core.shell:Creating environment hook '/home/chen/ee4308_proj1_2/ee4308_proj1_2/install/ee4308_lib/share/ee4308_lib/hook/cmake_prefix_path.ps1'
[81.436s] INFO:colcon.colcon_core.shell:Creating environment descriptor '/home/chen/ee4308_proj1_2/ee4308_proj1_2/install/ee4308_lib/share/ee4308_lib/hook/cmake_prefix_path.dsv'
[81.437s] INFO:colcon.colcon_core.shell:Creating environment hook '/home/chen/ee4308_proj1_2/ee4308_proj1_2/install/ee4308_lib/share/ee4308_lib/hook/cmake_prefix_path.sh'
[81.437s] Level 1:colcon.colcon_core.environment:checking '/home/chen/ee4308_proj1_2/ee4308_proj1_2/install/ee4308_lib/bin'
[81.437s] Level 1:colcon.colcon_core.environment:checking '/home/chen/ee4308_proj1_2/ee4308_proj1_2/install/ee4308_lib/lib/pkgconfig/ee4308_lib.pc'
[81.437s] Level 1:colcon.colcon_core.environment:checking '/home/chen/ee4308_proj1_2/ee4308_proj1_2/install/ee4308_lib/lib/python3.10/site-packages'
[81.437s] Level 1:colcon.colcon_core.environment:checking '/home/chen/ee4308_proj1_2/ee4308_proj1_2/install/ee4308_lib/bin'
[81.443s] INFO:colcon.colcon_core.shell:Creating package script '/home/chen/ee4308_proj1_2/ee4308_proj1_2/install/ee4308_lib/share/ee4308_lib/package.ps1'
[81.443s] INFO:colcon.colcon_core.shell:Creating package descriptor '/home/chen/ee4308_proj1_2/ee4308_proj1_2/install/ee4308_lib/share/ee4308_lib/package.dsv'
[81.444s] INFO:colcon.colcon_core.shell:Creating package script '/home/chen/ee4308_proj1_2/ee4308_proj1_2/install/ee4308_lib/share/ee4308_lib/package.sh'
[81.444s] INFO:colcon.colcon_core.shell:Creating package script '/home/chen/ee4308_proj1_2/ee4308_proj1_2/install/ee4308_lib/share/ee4308_lib/package.bash'
[81.444s] INFO:colcon.colcon_core.shell:Creating package script '/home/chen/ee4308_proj1_2/ee4308_proj1_2/install/ee4308_lib/share/ee4308_lib/package.zsh'
[81.444s] Level 1:colcon.colcon_core.environment:create_file_with_runtime_dependencies(/home/chen/ee4308_proj1_2/ee4308_proj1_2/install/ee4308_lib/share/colcon-core/packages/ee4308_lib)
[81.444s] INFO:colcon.colcon_ros.task.ament_cmake.build:Building ROS package in '/home/chen/ee4308_proj1_2/ee4308_proj1_2/src/ee4308_turtle' with build type 'ament_cmake'
[81.445s] INFO:colcon.colcon_cmake.task.cmake.build:Building CMake package in '/home/chen/ee4308_proj1_2/ee4308_proj1_2/src/ee4308_turtle'
[81.451s] INFO:colcon.colcon_core.shell:Skip shell extension 'powershell' for command environment: Not usable outside of PowerShell
[81.451s] DEBUG:colcon.colcon_core.shell:Skip shell extension 'dsv' for command environment
[84.245s] DEBUG:colcon.colcon_core.event_handler.log_command:Invoking command in '/home/chen/ee4308_proj1_2/ee4308_proj1_2/build/ee4308_turtle': AMENT_PREFIX_PATH=/home/chen/ee4308_proj1_2/ee4308_proj1_2/install/ee4308_lib:/home/chen/ee4308_proj1_2/ee4308_proj1_2/install/ee4308_interfaces:${AMENT_PREFIX_PATH} CMAKE_PREFIX_PATH=/home/chen/ee4308_proj1_2/ee4308_proj1_2/install/ee4308_lib:/home/chen/ee4308_proj1_2/ee4308_proj1_2/install/ee4308_interfaces:/opt/ros/humble LD_LIBRARY_PATH=/home/chen/ee4308_proj1_2/ee4308_proj1_2/install/ee4308_interfaces/lib:/opt/ros/humble/opt/rviz_ogre_vendor/lib:/opt/ros/humble/lib/x86_64-linux-gnu:/opt/ros/humble/lib:/usr/lib/x86_64-linux-gnu/gazebo-11/plugins:/usr/lib/x86_64-linux-gnu/gazebo-11/plugins:/usr/lib/x86_64-linux-gnu/gazebo-11/plugins:/usr/lib/x86_64-linux-gnu/gazebo-11/plugins:/usr/lib/x86_64-linux-gnu/gazebo-11/plugins:/usr/lib/x86_64-linux-gnu/gazebo-11/plugins:/usr/lib/x86_64-linux-gnu/gazebo-11/plugins:/usr/lib/x86_64-linux-gnu/gazebo-11/plugins:/usr/lib/x86_64-linux-gnu/gazebo-11/plugins:/usr/lib/x86_64-linux-gnu/gazebo-11/plugins PYTHONPATH=/home/chen/ee4308_proj1_2/ee4308_proj1_2/install/ee4308_interfaces/local/lib/python3.10/dist-packages:${PYTHONPATH} /usr/bin/cmake /home/chen/ee4308_proj1_2/ee4308_proj1_2/src/ee4308_turtle -DAMENT_CMAKE_SYMLINK_INSTALL=1 -DCMAKE_INSTALL_PREFIX=/home/chen/ee4308_proj1_2/ee4308_proj1_2/install/ee4308_turtle
[287.493s] DEBUG:colcon.colcon_core.event_handler.log_command:Invoked command in '/home/chen/ee4308_proj1_2/ee4308_proj1_2/build/ee4308_turtle' returned '0': AMENT_PREFIX_PATH=/home/chen/ee4308_proj1_2/ee4308_proj1_2/install/ee4308_lib:/home/chen/ee4308_proj1_2/ee4308_proj1_2/install/ee4308_interfaces:${AMENT_PREFIX_PATH} CMAKE_PREFIX_PATH=/home/chen/ee4308_proj1_2/ee4308_proj1_2/install/ee4308_lib:/home/chen/ee4308_proj1_2/ee4308_proj1_2/install/ee4308_interfaces:/opt/ros/humble LD_LIBRARY_PATH=/home/chen/ee4308_proj1_2/ee4308_proj1_2/install/ee4308_interfaces/lib:/opt/ros/humble/opt/rviz_ogre_vendor/lib:/opt/ros/humble/lib/x86_64-linux-gnu:/opt/ros/humble/lib:/usr/lib/x86_64-linux-gnu/gazebo-11/plugins:/usr/lib/x86_64-linux-gnu/gazebo-11/plugins:/usr/lib/x86_64-linux-gnu/gazebo-11/plugins:/usr/lib/x86_64-linux-gnu/gazebo-11/plugins:/usr/lib/x86_64-linux-gnu/gazebo-11/plugins:/usr/lib/x86_64-linux-gnu/gazebo-11/plugins:/usr/lib/x86_64-linux-gnu/gazebo-11/plugins:/usr/lib/x86_64-linux-gnu/gazebo-11/plugins:/usr/lib/x86_64-linux-gnu/gazebo-11/plugins:/usr/lib/x86_64-linux-gnu/gazebo-11/plugins PYTHONPATH=/home/chen/ee4308_proj1_2/ee4308_proj1_2/install/ee4308_interfaces/local/lib/python3.10/dist-packages:${PYTHONPATH} /usr/bin/cmake /home/chen/ee4308_proj1_2/ee4308_proj1_2/src/ee4308_turtle -DAMENT_CMAKE_SYMLINK_INSTALL=1 -DCMAKE_INSTALL_PREFIX=/home/chen/ee4308_proj1_2/ee4308_proj1_2/install/ee4308_turtle
[287.494s] DEBUG:colcon.colcon_core.event_handler.log_command:Invoking command in '/home/chen/ee4308_proj1_2/ee4308_proj1_2/build/ee4308_turtle': AMENT_PREFIX_PATH=/home/chen/ee4308_proj1_2/ee4308_proj1_2/install/ee4308_lib:/home/chen/ee4308_proj1_2/ee4308_proj1_2/install/ee4308_interfaces:${AMENT_PREFIX_PATH} CMAKE_PREFIX_PATH=/home/chen/ee4308_proj1_2/ee4308_proj1_2/install/ee4308_lib:/home/chen/ee4308_proj1_2/ee4308_proj1_2/install/ee4308_interfaces:/opt/ros/humble LD_LIBRARY_PATH=/home/chen/ee4308_proj1_2/ee4308_proj1_2/install/ee4308_interfaces/lib:/opt/ros/humble/opt/rviz_ogre_vendor/lib:/opt/ros/humble/lib/x86_64-linux-gnu:/opt/ros/humble/lib:/usr/lib/x86_64-linux-gnu/gazebo-11/plugins:/usr/lib/x86_64-linux-gnu/gazebo-11/plugins:/usr/lib/x86_64-linux-gnu/gazebo-11/plugins:/usr/lib/x86_64-linux-gnu/gazebo-11/plugins:/usr/lib/x86_64-linux-gnu/gazebo-11/plugins:/usr/lib/x86_64-linux-gnu/gazebo-11/plugins:/usr/lib/x86_64-linux-gnu/gazebo-11/plugins:/usr/lib/x86_64-linux-gnu/gazebo-11/plugins:/usr/lib/x86_64-linux-gnu/gazebo-11/plugins:/usr/lib/x86_64-linux-gnu/gazebo-11/plugins PYTHONPATH=/home/chen/ee4308_proj1_2/ee4308_proj1_2/install/ee4308_interfaces/local/lib/python3.10/dist-packages:${PYTHONPATH} /usr/bin/cmake --build /home/chen/ee4308_proj1_2/ee4308_proj1_2/build/ee4308_turtle -- -j20 -l20
[296.759s] DEBUG:colcon.colcon_core.event_handler.log_command:Invoked command in '/home/chen/ee4308_proj1_2/ee4308_proj1_2/build/ee4308_turtle' returned '0': AMENT_PREFIX_PATH=/home/chen/ee4308_proj1_2/ee4308_proj1_2/install/ee4308_lib:/home/chen/ee4308_proj1_2/ee4308_proj1_2/install/ee4308_interfaces:${AMENT_PREFIX_PATH} CMAKE_PREFIX_PATH=/home/chen/ee4308_proj1_2/ee4308_proj1_2/install/ee4308_lib:/home/chen/ee4308_proj1_2/ee4308_proj1_2/install/ee4308_interfaces:/opt/ros/humble LD_LIBRARY_PATH=/home/chen/ee4308_proj1_2/ee4308_proj1_2/install/ee4308_interfaces/lib:/opt/ros/humble/opt/rviz_ogre_vendor/lib:/opt/ros/humble/lib/x86_64-linux-gnu:/opt/ros/humble/lib:/usr/lib/x86_64-linux-gnu/gazebo-11/plugins:/usr/lib/x86_64-linux-gnu/gazebo-11/plugins:/usr/lib/x86_64-linux-gnu/gazebo-11/plugins:/usr/lib/x86_64-linux-gnu/gazebo-11/plugins:/usr/lib/x86_64-linux-gnu/gazebo-11/plugins:/usr/lib/x86_64-linux-gnu/gazebo-11/plugins:/usr/lib/x86_64-linux-gnu/gazebo-11/plugins:/usr/lib/x86_64-linux-gnu/gazebo-11/plugins:/usr/lib/x86_64-linux-gnu/gazebo-11/plugins:/usr/lib/x86_64-linux-gnu/gazebo-11/plugins PYTHONPATH=/home/chen/ee4308_proj1_2/ee4308_proj1_2/install/ee4308_interfaces/local/lib/python3.10/dist-packages:${PYTHONPATH} /usr/bin/cmake --build /home/chen/ee4308_proj1_2/ee4308_proj1_2/build/ee4308_turtle -- -j20 -l20
[296.778s] DEBUG:colcon.colcon_core.event_handler.log_command:Invoking command in '/home/chen/ee4308_proj1_2/ee4308_proj1_2/build/ee4308_turtle': AMENT_PREFIX_PATH=/home/chen/ee4308_proj1_2/ee4308_proj1_2/install/ee4308_lib:/home/chen/ee4308_proj1_2/ee4308_proj1_2/install/ee4308_interfaces:${AMENT_PREFIX_PATH} CMAKE_PREFIX_PATH=/home/chen/ee4308_proj1_2/ee4308_proj1_2/install/ee4308_lib:/home/chen/ee4308_proj1_2/ee4308_proj1_2/install/ee4308_interfaces:/opt/ros/humble LD_LIBRARY_PATH=/home/chen/ee4308_proj1_2/ee4308_proj1_2/install/ee4308_interfaces/lib:/opt/ros/humble/opt/rviz_ogre_vendor/lib:/opt/ros/humble/lib/x86_64-linux-gnu:/opt/ros/humble/lib:/usr/lib/x86_64-linux-gnu/gazebo-11/plugins:/usr/lib/x86_64-linux-gnu/gazebo-11/plugins:/usr/lib/x86_64-linux-gnu/gazebo-11/plugins:/usr/lib/x86_64-linux-gnu/gazebo-11/plugins:/usr/lib/x86_64-linux-gnu/gazebo-11/plugins:/usr/lib/x86_64-linux-gnu/gazebo-11/plugins:/usr/lib/x86_64-linux-gnu/gazebo-11/plugins:/usr/lib/x86_64-linux-gnu/gazebo-11/plugins:/usr/lib/x86_64-linux-gnu/gazebo-11/plugins:/usr/lib/x86_64-linux-gnu/gazebo-11/plugins PYTHONPATH=/home/chen/ee4308_proj1_2/ee4308_proj1_2/install/ee4308_interfaces/local/lib/python3.10/dist-packages:${PYTHONPATH} /usr/bin/cmake --install /home/chen/ee4308_proj1_2/ee4308_proj1_2/build/ee4308_turtle
[296.860s] Level 1:colcon.colcon_core.environment:create_environment_scripts_only(ee4308_turtle)
[296.860s] DEBUG:colcon.colcon_core.event_handler.log_command:Invoked command in '/home/chen/ee4308_proj1_2/ee4308_proj1_2/build/ee4308_turtle' returned '0': AMENT_PREFIX_PATH=/home/chen/ee4308_proj1_2/ee4308_proj1_2/install/ee4308_lib:/home/chen/ee4308_proj1_2/ee4308_proj1_2/install/ee4308_interfaces:${AMENT_PREFIX_PATH} CMAKE_PREFIX_PATH=/home/chen/ee4308_proj1_2/ee4308_proj1_2/install/ee4308_lib:/home/chen/ee4308_proj1_2/ee4308_proj1_2/install/ee4308_interfaces:/opt/ros/humble LD_LIBRARY_PATH=/home/chen/ee4308_proj1_2/ee4308_proj1_2/install/ee4308_interfaces/lib:/opt/ros/humble/opt/rviz_ogre_vendor/lib:/opt/ros/humble/lib/x86_64-linux-gnu:/opt/ros/humble/lib:/usr/lib/x86_64-linux-gnu/gazebo-11/plugins:/usr/lib/x86_64-linux-gnu/gazebo-11/plugins:/usr/lib/x86_64-linux-gnu/gazebo-11/plugins:/usr/lib/x86_64-linux-gnu/gazebo-11/plugins:/usr/lib/x86_64-linux-gnu/gazebo-11/plugins:/usr/lib/x86_64-linux-gnu/gazebo-11/plugins:/usr/lib/x86_64-linux-gnu/gazebo-11/plugins:/usr/lib/x86_64-linux-gnu/gazebo-11/plugins:/usr/lib/x86_64-linux-gnu/gazebo-11/plugins:/usr/lib/x86_64-linux-gnu/gazebo-11/plugins PYTHONPATH=/home/chen/ee4308_proj1_2/ee4308_proj1_2/install/ee4308_interfaces/local/lib/python3.10/dist-packages:${PYTHONPATH} /usr/bin/cmake --install /home/chen/ee4308_proj1_2/ee4308_proj1_2/build/ee4308_turtle
[296.867s] Level 1:colcon.colcon_core.environment:checking '/home/chen/ee4308_proj1_2/ee4308_proj1_2/install/ee4308_turtle' for CMake module files
[296.867s] Level 1:colcon.colcon_core.environment:checking '/home/chen/ee4308_proj1_2/ee4308_proj1_2/install/ee4308_turtle' for CMake config files
[296.867s] Level 1:colcon.colcon_core.shell:create_environment_hook('ee4308_turtle', 'cmake_prefix_path')
[296.874s] INFO:colcon.colcon_core.shell:Creating environment hook '/home/chen/ee4308_proj1_2/ee4308_proj1_2/install/ee4308_turtle/share/ee4308_turtle/hook/cmake_prefix_path.ps1'
[296.874s] INFO:colcon.colcon_core.shell:Creating environment descriptor '/home/chen/ee4308_proj1_2/ee4308_proj1_2/install/ee4308_turtle/share/ee4308_turtle/hook/cmake_prefix_path.dsv'
[296.875s] INFO:colcon.colcon_core.shell:Creating environment hook '/home/chen/ee4308_proj1_2/ee4308_proj1_2/install/ee4308_turtle/share/ee4308_turtle/hook/cmake_prefix_path.sh'
[296.875s] Level 1:colcon.colcon_core.environment:checking '/home/chen/ee4308_proj1_2/ee4308_proj1_2/install/ee4308_turtle/lib'
[296.875s] Level 1:colcon.colcon_core.environment:checking '/home/chen/ee4308_proj1_2/ee4308_proj1_2/install/ee4308_turtle/bin'
[296.875s] Level 1:colcon.colcon_core.environment:checking '/home/chen/ee4308_proj1_2/ee4308_proj1_2/install/ee4308_turtle/lib/pkgconfig/ee4308_turtle.pc'
[296.875s] Level 1:colcon.colcon_core.environment:checking '/home/chen/ee4308_proj1_2/ee4308_proj1_2/install/ee4308_turtle/lib/python3.10/site-packages'
[296.875s] Level 1:colcon.colcon_core.environment:checking '/home/chen/ee4308_proj1_2/ee4308_proj1_2/install/ee4308_turtle/bin'
[296.881s] INFO:colcon.colcon_core.shell:Creating package script '/home/chen/ee4308_proj1_2/ee4308_proj1_2/install/ee4308_turtle/share/ee4308_turtle/package.ps1'
[296.882s] INFO:colcon.colcon_core.shell:Creating package descriptor '/home/chen/ee4308_proj1_2/ee4308_proj1_2/install/ee4308_turtle/share/ee4308_turtle/package.dsv'
[296.882s] INFO:colcon.colcon_core.shell:Creating package script '/home/chen/ee4308_proj1_2/ee4308_proj1_2/install/ee4308_turtle/share/ee4308_turtle/package.sh'
[296.882s] INFO:colcon.colcon_core.shell:Creating package script '/home/chen/ee4308_proj1_2/ee4308_proj1_2/install/ee4308_turtle/share/ee4308_turtle/package.bash'
[296.882s] INFO:colcon.colcon_core.shell:Creating package script '/home/chen/ee4308_proj1_2/ee4308_proj1_2/install/ee4308_turtle/share/ee4308_turtle/package.zsh'
[296.882s] Level 1:colcon.colcon_core.environment:create_file_with_runtime_dependencies(/home/chen/ee4308_proj1_2/ee4308_proj1_2/install/ee4308_turtle/share/colcon-core/packages/ee4308_turtle)
[296.907s] Level 1:colcon.colcon_core.environment:create_environment_scripts_only(ee4308_turtle)
[296.913s] Level 1:colcon.colcon_core.environment:checking '/home/chen/ee4308_proj1_2/ee4308_proj1_2/install/ee4308_turtle' for CMake module files
[296.913s] Level 1:colcon.colcon_core.environment:checking '/home/chen/ee4308_proj1_2/ee4308_proj1_2/install/ee4308_turtle' for CMake config files
[296.913s] Level 1:colcon.colcon_core.shell:create_environment_hook('ee4308_turtle', 'cmake_prefix_path')
[296.927s] INFO:colcon.colcon_core.shell:Creating environment hook '/home/chen/ee4308_proj1_2/ee4308_proj1_2/install/ee4308_turtle/share/ee4308_turtle/hook/cmake_prefix_path.ps1'
[296.928s] INFO:colcon.colcon_core.shell:Creating environment descriptor '/home/chen/ee4308_proj1_2/ee4308_proj1_2/install/ee4308_turtle/share/ee4308_turtle/hook/cmake_prefix_path.dsv'
[296.928s] INFO:colcon.colcon_core.shell:Creating environment hook '/home/chen/ee4308_proj1_2/ee4308_proj1_2/install/ee4308_turtle/share/ee4308_turtle/hook/cmake_prefix_path.sh'
[296.928s] Level 1:colcon.colcon_core.environment:checking '/home/chen/ee4308_proj1_2/ee4308_proj1_2/install/ee4308_turtle/lib'
[296.928s] Level 1:colcon.colcon_core.environment:checking '/home/chen/ee4308_proj1_2/ee4308_proj1_2/install/ee4308_turtle/bin'
[296.928s] Level 1:colcon.colcon_core.environment:checking '/home/chen/ee4308_proj1_2/ee4308_proj1_2/install/ee4308_turtle/lib/pkgconfig/ee4308_turtle.pc'
[296.928s] Level 1:colcon.colcon_core.environment:checking '/home/chen/ee4308_proj1_2/ee4308_proj1_2/install/ee4308_turtle/lib/python3.10/site-packages'
[296.929s] Level 1:colcon.colcon_core.environment:checking '/home/chen/ee4308_proj1_2/ee4308_proj1_2/install/ee4308_turtle/bin'
[296.937s] INFO:colcon.colcon_core.shell:Creating package script '/home/chen/ee4308_proj1_2/ee4308_proj1_2/install/ee4308_turtle/share/ee4308_turtle/package.ps1'
[296.937s] INFO:colcon.colcon_core.shell:Creating package descriptor '/home/chen/ee4308_proj1_2/ee4308_proj1_2/install/ee4308_turtle/share/ee4308_turtle/package.dsv'
[296.938s] INFO:colcon.colcon_core.shell:Creating package script '/home/chen/ee4308_proj1_2/ee4308_proj1_2/install/ee4308_turtle/share/ee4308_turtle/package.sh'
[296.938s] INFO:colcon.colcon_core.shell:Creating package script '/home/chen/ee4308_proj1_2/ee4308_proj1_2/install/ee4308_turtle/share/ee4308_turtle/package.bash'
[296.938s] INFO:colcon.colcon_core.shell:Creating package script '/home/chen/ee4308_proj1_2/ee4308_proj1_2/install/ee4308_turtle/share/ee4308_turtle/package.zsh'
[296.939s] Level 1:colcon.colcon_core.environment:create_file_with_runtime_dependencies(/home/chen/ee4308_proj1_2/ee4308_proj1_2/install/ee4308_turtle/share/colcon-core/packages/ee4308_turtle)
[296.939s] DEBUG:colcon.colcon_parallel_executor.executor.parallel:closing loop
[296.939s] DEBUG:colcon.colcon_parallel_executor.executor.parallel:loop closed
[296.939s] DEBUG:colcon.colcon_parallel_executor.executor.parallel:run_until_complete finished with '0'
[296.939s] DEBUG:colcon.colcon_core.event_reactor:joining thread
[297.055s] INFO:colcon.colcon_core.plugin_system:Skipping extension 'colcon_notification.desktop_notification.notify_send': Could not find 'notify-send'
[297.056s] INFO:colcon.colcon_core.plugin_system:Skipping extension 'colcon_notification.desktop_notification.terminal_notifier': Not used on non-Darwin systems
[297.056s] INFO:colcon.colcon_core.plugin_system:Skipping extension 'colcon_notification.desktop_notification.win32': Not used on non-Windows systems
[297.056s] INFO:colcon.colcon_notification.desktop_notification:Sending desktop notification using 'notify2'
[297.056s] DEBUG:colcon.colcon_notification.desktop_notification.notify2:Failed to initialize notify2: org.freedesktop.DBus.Error.FileNotFound: Failed to connect to socket /run/user/1000/bus: No such file or directory
[297.056s] DEBUG:colcon.colcon_core.event_reactor:joined thread
[297.070s] INFO:colcon.colcon_core.shell:Creating prefix script '/home/chen/ee4308_proj1_2/ee4308_proj1_2/install/local_setup.ps1'
[297.071s] INFO:colcon.colcon_core.shell:Creating prefix util module '/home/chen/ee4308_proj1_2/ee4308_proj1_2/install/_local_setup_util_ps1.py'
[297.072s] INFO:colcon.colcon_core.shell:Creating prefix chain script '/home/chen/ee4308_proj1_2/ee4308_proj1_2/install/setup.ps1'
[297.079s] INFO:colcon.colcon_core.shell:Creating prefix script '/home/chen/ee4308_proj1_2/ee4308_proj1_2/install/local_setup.sh'
[297.079s] INFO:colcon.colcon_core.shell:Creating prefix util module '/home/chen/ee4308_proj1_2/ee4308_proj1_2/install/_local_setup_util_sh.py'
[297.080s] INFO:colcon.colcon_core.shell:Creating prefix chain script '/home/chen/ee4308_proj1_2/ee4308_proj1_2/install/setup.sh'
[297.086s] INFO:colcon.colcon_core.shell:Creating prefix script '/home/chen/ee4308_proj1_2/ee4308_proj1_2/install/local_setup.bash'
[297.087s] INFO:colcon.colcon_core.shell:Creating prefix chain script '/home/chen/ee4308_proj1_2/ee4308_proj1_2/install/setup.bash'
[297.093s] INFO:colcon.colcon_core.shell:Creating prefix script '/home/chen/ee4308_proj1_2/ee4308_proj1_2/install/local_setup.zsh'
[297.093s] INFO:colcon.colcon_core.shell:Creating prefix chain script '/home/chen/ee4308_proj1_2/ee4308_proj1_2/install/setup.zsh'
