-- Install configuration: ""
-- Execute custom install script
-- Up-to-date symlink: /home/chen/ee4308_proj1_2/ee4308_proj1_2/install/ee4308_bringup/share/ee4308_bringup//launch/labs.launch.py
-- Up-to-date symlink: /home/chen/ee4308_proj1_2/ee4308_proj1_2/install/ee4308_bringup/share/ee4308_bringup//launch/labs.launch.py:Zone.Identifier
-- Up-to-date symlink: /home/chen/ee4308_proj1_2/ee4308_proj1_2/install/ee4308_bringup/share/ee4308_bringup//launch/labs.launch.py:Zone.Identifier:Zone.Identifier
-- Up-to-date symlink: /home/chen/ee4308_proj1_2/ee4308_proj1_2/install/ee4308_bringup/share/ee4308_bringup//launch/proj1.launch.py
-- Up-to-date symlink: /home/chen/ee4308_proj1_2/ee4308_proj1_2/install/ee4308_bringup/share/ee4308_bringup//launch/proj1.launch.py:Zone.Identifier
-- Up-to-date symlink: /home/chen/ee4308_proj1_2/ee4308_proj1_2/install/ee4308_bringup/share/ee4308_bringup//launch/proj1.launch.py:Zone.Identifier:Zone.Identifier
-- Up-to-date symlink: /home/chen/ee4308_proj1_2/ee4308_proj1_2/install/ee4308_bringup/share/ee4308_bringup//launch/proj1sim.launch.py
-- Up-to-date symlink: /home/chen/ee4308_proj1_2/ee4308_proj1_2/install/ee4308_bringup/share/ee4308_bringup//launch/proj1sim.launch.py:Zone.Identifier
-- Up-to-date symlink: /home/chen/ee4308_proj1_2/ee4308_proj1_2/install/ee4308_bringup/share/ee4308_bringup//launch/proj1sim.launch.py:Zone.Identifier:Zone.Identifier
-- Up-to-date symlink: /home/chen/ee4308_proj1_2/ee4308_proj1_2/install/ee4308_bringup/share/ee4308_bringup//rviz/labs.rviz
-- Up-to-date symlink: /home/chen/ee4308_proj1_2/ee4308_proj1_2/install/ee4308_bringup/share/ee4308_bringup//rviz/labs.rviz:Zone.Identifier
-- Up-to-date symlink: /home/chen/ee4308_proj1_2/ee4308_proj1_2/install/ee4308_bringup/share/ee4308_bringup//rviz/labs.rviz:Zone.Identifier:Zone.Identifier
-- Up-to-date symlink: /home/chen/ee4308_proj1_2/ee4308_proj1_2/install/ee4308_bringup/share/ee4308_bringup//rviz/proj1 copy.rviz
-- Up-to-date symlink: /home/chen/ee4308_proj1_2/ee4308_proj1_2/install/ee4308_bringup/share/ee4308_bringup//rviz/proj1 copy.rviz:Zone.Identifier
-- Up-to-date symlink: /home/chen/ee4308_proj1_2/ee4308_proj1_2/install/ee4308_bringup/share/ee4308_bringup//rviz/proj1.rviz
-- Up-to-date symlink: /home/chen/ee4308_proj1_2/ee4308_proj1_2/install/ee4308_bringup/share/ee4308_bringup//rviz/proj1.rviz:Zone.Identifier
-- Up-to-date symlink: /home/chen/ee4308_proj1_2/ee4308_proj1_2/install/ee4308_bringup/share/ee4308_bringup//rviz/proj1.rviz:Zone.Identifier:Zone.Identifier
-- Up-to-date symlink: /home/chen/ee4308_proj1_2/ee4308_proj1_2/install/ee4308_bringup/share/ee4308_bringup//params/labs.yaml
-- Up-to-date symlink: /home/chen/ee4308_proj1_2/ee4308_proj1_2/install/ee4308_bringup/share/ee4308_bringup//params/labs.yaml:Zone.Identifier
-- Up-to-date symlink: /home/chen/ee4308_proj1_2/ee4308_proj1_2/install/ee4308_bringup/share/ee4308_bringup//params/labs.yaml:Zone.Identifier:Zone.Identifier
-- Up-to-date symlink: /home/chen/ee4308_proj1_2/ee4308_proj1_2/install/ee4308_bringup/share/ee4308_bringup//params/proj1.yaml
-- Up-to-date symlink: /home/chen/ee4308_proj1_2/ee4308_proj1_2/install/ee4308_bringup/share/ee4308_bringup//params/proj1.yaml:Zone.Identifier
-- Up-to-date symlink: /home/chen/ee4308_proj1_2/ee4308_proj1_2/install/ee4308_bringup/share/ee4308_bringup//params/proj1.yaml:Zone.Identifier:Zone.Identifier
-- Up-to-date symlink: /home/chen/ee4308_proj1_2/ee4308_proj1_2/install/ee4308_bringup/share/ee4308_bringup//models/ee4308_world_24/model.config
-- Up-to-date symlink: /home/chen/ee4308_proj1_2/ee4308_proj1_2/install/ee4308_bringup/share/ee4308_bringup//models/ee4308_world_24/model.config:Zone.Identifier
-- Up-to-date symlink: /home/chen/ee4308_proj1_2/ee4308_proj1_2/install/ee4308_bringup/share/ee4308_bringup//models/ee4308_world_24/model.config:Zone.Identifier:Zone.Identifier
-- Up-to-date symlink: /home/chen/ee4308_proj1_2/ee4308_proj1_2/install/ee4308_bringup/share/ee4308_bringup//models/ee4308_world_24/model.sdf
-- Up-to-date symlink: /home/chen/ee4308_proj1_2/ee4308_proj1_2/install/ee4308_bringup/share/ee4308_bringup//models/ee4308_world_24/model.sdf:Zone.Identifier
-- Up-to-date symlink: /home/chen/ee4308_proj1_2/ee4308_proj1_2/install/ee4308_bringup/share/ee4308_bringup//models/ee4308_world_24/model.sdf:Zone.Identifier:Zone.Identifier
-- Up-to-date symlink: /home/chen/ee4308_proj1_2/ee4308_proj1_2/install/ee4308_bringup/share/ee4308_bringup//models/turtlebot3_burger/meshes/burger_base.dae
-- Up-to-date symlink: /home/chen/ee4308_proj1_2/ee4308_proj1_2/install/ee4308_bringup/share/ee4308_bringup//models/turtlebot3_burger/meshes/burger_base.dae:Zone.Identifier
-- Up-to-date symlink: /home/chen/ee4308_proj1_2/ee4308_proj1_2/install/ee4308_bringup/share/ee4308_bringup//models/turtlebot3_burger/meshes/burger_base.dae:Zone.Identifier:Zone.Identifier
-- Up-to-date symlink: /home/chen/ee4308_proj1_2/ee4308_proj1_2/install/ee4308_bringup/share/ee4308_bringup//models/turtlebot3_burger/meshes/lds.dae
-- Up-to-date symlink: /home/chen/ee4308_proj1_2/ee4308_proj1_2/install/ee4308_bringup/share/ee4308_bringup//models/turtlebot3_burger/meshes/lds.dae:Zone.Identifier
-- Up-to-date symlink: /home/chen/ee4308_proj1_2/ee4308_proj1_2/install/ee4308_bringup/share/ee4308_bringup//models/turtlebot3_burger/meshes/lds.dae:Zone.Identifier:Zone.Identifier
-- Up-to-date symlink: /home/chen/ee4308_proj1_2/ee4308_proj1_2/install/ee4308_bringup/share/ee4308_bringup//models/turtlebot3_burger/meshes/tire.dae
-- Up-to-date symlink: /home/chen/ee4308_proj1_2/ee4308_proj1_2/install/ee4308_bringup/share/ee4308_bringup//models/turtlebot3_burger/meshes/tire.dae:Zone.Identifier
-- Up-to-date symlink: /home/chen/ee4308_proj1_2/ee4308_proj1_2/install/ee4308_bringup/share/ee4308_bringup//models/turtlebot3_burger/meshes/tire.dae:Zone.Identifier:Zone.Identifier
-- Up-to-date symlink: /home/chen/ee4308_proj1_2/ee4308_proj1_2/install/ee4308_bringup/share/ee4308_bringup//models/turtlebot3_burger/model.config
-- Up-to-date symlink: /home/chen/ee4308_proj1_2/ee4308_proj1_2/install/ee4308_bringup/share/ee4308_bringup//models/turtlebot3_burger/model.config:Zone.Identifier
-- Up-to-date symlink: /home/chen/ee4308_proj1_2/ee4308_proj1_2/install/ee4308_bringup/share/ee4308_bringup//models/turtlebot3_burger/model.config:Zone.Identifier:Zone.Identifier
-- Up-to-date symlink: /home/chen/ee4308_proj1_2/ee4308_proj1_2/install/ee4308_bringup/share/ee4308_bringup//models/turtlebot3_burger/model.sdf
-- Up-to-date symlink: /home/chen/ee4308_proj1_2/ee4308_proj1_2/install/ee4308_bringup/share/ee4308_bringup//models/turtlebot3_burger/model.sdf:Zone.Identifier
-- Up-to-date symlink: /home/chen/ee4308_proj1_2/ee4308_proj1_2/install/ee4308_bringup/share/ee4308_bringup//models/turtlebot3_burger/model.sdf:Zone.Identifier:Zone.Identifier
-- Up-to-date symlink: /home/chen/ee4308_proj1_2/ee4308_proj1_2/install/ee4308_bringup/share/ee4308_bringup//worlds/ee4308_world_24.world
-- Up-to-date symlink: /home/chen/ee4308_proj1_2/ee4308_proj1_2/install/ee4308_bringup/share/ee4308_bringup//worlds/ee4308_world_24.world:Zone.Identifier
-- Up-to-date symlink: /home/chen/ee4308_proj1_2/ee4308_proj1_2/install/ee4308_bringup/share/ee4308_bringup//worlds/ee4308_world_24.world:Zone.Identifier:Zone.Identifier
-- Up-to-date symlink: /home/chen/ee4308_proj1_2/ee4308_proj1_2/install/ee4308_bringup/share/ament_index/resource_index/package_run_dependencies/ee4308_bringup
-- Up-to-date symlink: /home/chen/ee4308_proj1_2/ee4308_proj1_2/install/ee4308_bringup/share/ament_index/resource_index/parent_prefix_path/ee4308_bringup
-- Up-to-date symlink: /home/chen/ee4308_proj1_2/ee4308_proj1_2/install/ee4308_bringup/share/ee4308_bringup/environment/ament_prefix_path.sh
-- Up-to-date symlink: /home/chen/ee4308_proj1_2/ee4308_proj1_2/install/ee4308_bringup/share/ee4308_bringup/environment/ament_prefix_path.dsv
-- Up-to-date symlink: /home/chen/ee4308_proj1_2/ee4308_proj1_2/install/ee4308_bringup/share/ee4308_bringup/environment/path.sh
-- Up-to-date symlink: /home/chen/ee4308_proj1_2/ee4308_proj1_2/install/ee4308_bringup/share/ee4308_bringup/environment/path.dsv
-- Up-to-date symlink: /home/chen/ee4308_proj1_2/ee4308_proj1_2/install/ee4308_bringup/share/ee4308_bringup/local_setup.bash
-- Up-to-date symlink: /home/chen/ee4308_proj1_2/ee4308_proj1_2/install/ee4308_bringup/share/ee4308_bringup/local_setup.sh
-- Up-to-date symlink: /home/chen/ee4308_proj1_2/ee4308_proj1_2/install/ee4308_bringup/share/ee4308_bringup/local_setup.zsh
-- Up-to-date symlink: /home/chen/ee4308_proj1_2/ee4308_proj1_2/install/ee4308_bringup/share/ee4308_bringup/local_setup.dsv
-- Symlinking: /home/chen/ee4308_proj1_2/ee4308_proj1_2/install/ee4308_bringup/share/ee4308_bringup/package.dsv
-- Up-to-date symlink: /home/chen/ee4308_proj1_2/ee4308_proj1_2/install/ee4308_bringup/share/ament_index/resource_index/packages/ee4308_bringup
-- Up-to-date symlink: /home/chen/ee4308_proj1_2/ee4308_proj1_2/install/ee4308_bringup/share/ee4308_bringup/cmake/ament_cmake_export_dependencies-extras.cmake
-- Up-to-date symlink: /home/chen/ee4308_proj1_2/ee4308_proj1_2/install/ee4308_bringup/share/ee4308_bringup/cmake/ee4308_bringupConfig.cmake
-- Up-to-date symlink: /home/chen/ee4308_proj1_2/ee4308_proj1_2/install/ee4308_bringup/share/ee4308_bringup/cmake/ee4308_bringupConfig-version.cmake
-- Up-to-date symlink: /home/chen/ee4308_proj1_2/ee4308_proj1_2/install/ee4308_bringup/share/ee4308_bringup/package.xml
