[0.037s] Invoking command in '/home/chen/ee4308_proj1_2/ee4308_proj1_2/build/ee4308_bringup': CMAKE_PREFIX_PATH=${CMAKE_PREFIX_PATH}:/opt/ros/humble /usr/bin/cmake --build /home/chen/ee4308_proj1_2/ee4308_proj1_2/build/ee4308_bringup -- -j20 -l20
[0.056s] Invoked command in '/home/chen/ee4308_proj1_2/ee4308_proj1_2/build/ee4308_bringup' returned '0': CMAKE_PREFIX_PATH=${CMAKE_PREFIX_PATH}:/opt/ros/humble /usr/bin/cmake --build /home/chen/ee4308_proj1_2/ee4308_proj1_2/build/ee4308_bringup -- -j20 -l20
[0.075s] Invoking command in '/home/chen/ee4308_proj1_2/ee4308_proj1_2/build/ee4308_bringup': CMAKE_PREFIX_PATH=${CMAKE_PREFIX_PATH}:/opt/ros/humble /usr/bin/cmake --install /home/chen/ee4308_proj1_2/ee4308_proj1_2/build/ee4308_bringup
[0.079s] -- Install configuration: ""
[0.079s] -- Execute custom install script
[0.079s] -- Up-to-date symlink: /home/chen/ee4308_proj1_2/ee4308_proj1_2/install/ee4308_bringup/share/ee4308_bringup//launch/labs.launch.py
[0.079s] -- Up-to-date symlink: /home/chen/ee4308_proj1_2/ee4308_proj1_2/install/ee4308_bringup/share/ee4308_bringup//launch/proj1.launch.py
[0.079s] -- Up-to-date symlink: /home/chen/ee4308_proj1_2/ee4308_proj1_2/install/ee4308_bringup/share/ee4308_bringup//launch/proj1sim.launch.py
[0.079s] -- Up-to-date symlink: /home/chen/ee4308_proj1_2/ee4308_proj1_2/install/ee4308_bringup/share/ee4308_bringup//rviz/labs.rviz
[0.079s] -- Up-to-date symlink: /home/chen/ee4308_proj1_2/ee4308_proj1_2/install/ee4308_bringup/share/ee4308_bringup//rviz/proj1 copy.rviz
[0.079s] -- Up-to-date symlink: /home/chen/ee4308_proj1_2/ee4308_proj1_2/install/ee4308_bringup/share/ee4308_bringup//rviz/proj1.rviz
[0.080s] -- Up-to-date symlink: /home/chen/ee4308_proj1_2/ee4308_proj1_2/install/ee4308_bringup/share/ee4308_bringup//params/labs.yaml
[0.080s] -- Up-to-date symlink: /home/chen/ee4308_proj1_2/ee4308_proj1_2/install/ee4308_bringup/share/ee4308_bringup//params/proj1.yaml
[0.080s] -- Up-to-date symlink: /home/chen/ee4308_proj1_2/ee4308_proj1_2/install/ee4308_bringup/share/ee4308_bringup//models/ee4308_world_24/model.config
[0.080s] -- Up-to-date symlink: /home/chen/ee4308_proj1_2/ee4308_proj1_2/install/ee4308_bringup/share/ee4308_bringup//models/ee4308_world_24/model.sdf
[0.080s] -- Up-to-date symlink: /home/chen/ee4308_proj1_2/ee4308_proj1_2/install/ee4308_bringup/share/ee4308_bringup//models/turtlebot3_burger/meshes/burger_base.dae
[0.080s] -- Up-to-date symlink: /home/chen/ee4308_proj1_2/ee4308_proj1_2/install/ee4308_bringup/share/ee4308_bringup//models/turtlebot3_burger/meshes/lds.dae
[0.080s] -- Up-to-date symlink: /home/chen/ee4308_proj1_2/ee4308_proj1_2/install/ee4308_bringup/share/ee4308_bringup//models/turtlebot3_burger/meshes/tire.dae
[0.080s] -- Up-to-date symlink: /home/chen/ee4308_proj1_2/ee4308_proj1_2/install/ee4308_bringup/share/ee4308_bringup//models/turtlebot3_burger/model.config
[0.080s] -- Up-to-date symlink: /home/chen/ee4308_proj1_2/ee4308_proj1_2/install/ee4308_bringup/share/ee4308_bringup//models/turtlebot3_burger/model.sdf
[0.080s] -- Up-to-date symlink: /home/chen/ee4308_proj1_2/ee4308_proj1_2/install/ee4308_bringup/share/ee4308_bringup//worlds/ee4308_world_24.world
[0.080s] -- Up-to-date symlink: /home/chen/ee4308_proj1_2/ee4308_proj1_2/install/ee4308_bringup/share/ament_index/resource_index/package_run_dependencies/ee4308_bringup
[0.080s] -- Up-to-date symlink: /home/chen/ee4308_proj1_2/ee4308_proj1_2/install/ee4308_bringup/share/ament_index/resource_index/parent_prefix_path/ee4308_bringup
[0.080s] -- Up-to-date symlink: /home/chen/ee4308_proj1_2/ee4308_proj1_2/install/ee4308_bringup/share/ee4308_bringup/environment/ament_prefix_path.sh
[0.080s] -- Up-to-date symlink: /home/chen/ee4308_proj1_2/ee4308_proj1_2/install/ee4308_bringup/share/ee4308_bringup/environment/ament_prefix_path.dsv
[0.080s] -- Up-to-date symlink: /home/chen/ee4308_proj1_2/ee4308_proj1_2/install/ee4308_bringup/share/ee4308_bringup/environment/path.sh
[0.080s] -- Up-to-date symlink: /home/chen/ee4308_proj1_2/ee4308_proj1_2/install/ee4308_bringup/share/ee4308_bringup/environment/path.dsv
[0.080s] -- Up-to-date symlink: /home/chen/ee4308_proj1_2/ee4308_proj1_2/install/ee4308_bringup/share/ee4308_bringup/local_setup.bash
[0.080s] -- Up-to-date symlink: /home/chen/ee4308_proj1_2/ee4308_proj1_2/install/ee4308_bringup/share/ee4308_bringup/local_setup.sh
[0.080s] -- Up-to-date symlink: /home/chen/ee4308_proj1_2/ee4308_proj1_2/install/ee4308_bringup/share/ee4308_bringup/local_setup.zsh
[0.080s] -- Up-to-date symlink: /home/chen/ee4308_proj1_2/ee4308_proj1_2/install/ee4308_bringup/share/ee4308_bringup/local_setup.dsv
[0.080s] -- Symlinking: /home/chen/ee4308_proj1_2/ee4308_proj1_2/install/ee4308_bringup/share/ee4308_bringup/package.dsv
[0.086s] -- Up-to-date symlink: /home/chen/ee4308_proj1_2/ee4308_proj1_2/install/ee4308_bringup/share/ament_index/resource_index/packages/ee4308_bringup
[0.086s] -- Up-to-date symlink: /home/chen/ee4308_proj1_2/ee4308_proj1_2/install/ee4308_bringup/share/ee4308_bringup/cmake/ament_cmake_export_dependencies-extras.cmake
[0.086s] -- Up-to-date symlink: /home/chen/ee4308_proj1_2/ee4308_proj1_2/install/ee4308_bringup/share/ee4308_bringup/cmake/ee4308_bringupConfig.cmake
[0.086s] -- Up-to-date symlink: /home/chen/ee4308_proj1_2/ee4308_proj1_2/install/ee4308_bringup/share/ee4308_bringup/cmake/ee4308_bringupConfig-version.cmake
[0.086s] -- Up-to-date symlink: /home/chen/ee4308_proj1_2/ee4308_proj1_2/install/ee4308_bringup/share/ee4308_bringup/package.xml
[0.116s] Invoked command in '/home/chen/ee4308_proj1_2/ee4308_proj1_2/build/ee4308_bringup' returned '0': CMAKE_PREFIX_PATH=${CMAKE_PREFIX_PATH}:/opt/ros/humble /usr/bin/cmake --install /home/chen/ee4308_proj1_2/ee4308_proj1_2/build/ee4308_bringup
