-- The C compiler identification is GNU 11.4.0
-- The CXX compiler identification is GNU 11.4.0
-- Detecting C compiler ABI info
-- Detecting C compiler ABI info - done
-- Check for working C compiler: /usr/bin/cc - skipped
-- Detecting C compile features
-- Detecting C compile features - done
-- Detecting CXX compiler ABI info
-- Detecting CXX compiler ABI info - done
-- Check for working CXX compiler: /usr/bin/c++ - skipped
-- Detecting CXX compile features
-- Detecting CXX compile features - done
-- Found ament_cmake: 1.3.6 (/opt/ros/humble/share/ament_cmake/cmake)
-- Found Python3: /usr/bin/python3.10 (found version "3.10.12") found components: Interpreter 
-- Override CMake install command with custom implementation using symlinks instead of copying resources
-- Found rclcpp: 16.0.7 (/opt/ros/humble/share/rclcpp/cmake)
-- Found rosidl_generator_c: 3.1.5 (/opt/ros/humble/share/rosidl_generator_c/cmake)
-- Found rosidl_adapter: 3.1.5 (/opt/ros/humble/share/rosidl_adapter/cmake)
-- Found rosidl_generator_cpp: 3.1.5 (/opt/ros/humble/share/rosidl_generator_cpp/cmake)
-- Using all available rosidl_typesupport_c: rosidl_typesupport_fastrtps_c;rosidl_typesupport_introspection_c
-- Using all available rosidl_typesupport_cpp: rosidl_typesupport_fastrtps_cpp;rosidl_typesupport_introspection_cpp
-- Found rmw_implementation_cmake: 6.1.1 (/opt/ros/humble/share/rmw_implementation_cmake/cmake)
-- Found rmw_fastrtps_cpp: 6.2.5 (/opt/ros/humble/share/rmw_fastrtps_cpp/cmake)
-- Found OpenSSL: /usr/lib/x86_64-linux-gnu/libcrypto.so (found version "3.0.2")  
-- Found FastRTPS: /opt/ros/humble/include  
-- Using RMW implementation 'rmw_fastrtps_cpp' as default
-- Looking for pthread.h
-- Looking for pthread.h - found
-- Performing Test CMAKE_HAVE_LIBC_PTHREAD
-- Performing Test CMAKE_HAVE_LIBC_PTHREAD - Success
-- Found Threads: TRUE  
-- Found sensor_msgs: 4.2.3 (/opt/ros/humble/share/sensor_msgs/cmake)
-- Found nav_msgs: 4.2.3 (/opt/ros/humble/share/nav_msgs/cmake)
-- Found std_srvs: 4.2.3 (/opt/ros/humble/share/std_srvs/cmake)
-- Found tf2: 0.25.5 (/opt/ros/humble/share/tf2/cmake)
-- Found tf2_ros: 0.25.5 (/opt/ros/humble/share/tf2_ros/cmake)
-- Found eigen3_cmake_module: 0.1.1 (/opt/ros/humble/share/eigen3_cmake_module/cmake)
-- Found Eigen3: TRUE (found version "3.4.0") 
-- Found ament_lint_auto: 0.12.9 (/opt/ros/humble/share/ament_lint_auto/cmake)
-- Added test 'cppcheck' to perform static code analysis on C / C++ code
-- Configured cppcheck include dirs: 
-- Configured cppcheck exclude dirs and/or files: 
-- Added test 'lint_cmake' to check CMake code style
-- Added test 'uncrustify' to check C / C++ code style
-- Configured uncrustify additional arguments: 
-- Added test 'xmllint' to check XML markup files
-- Configuring done
-- Generating done
-- Build files have been written to: /home/chen/ee4308_proj1_2/ee4308_proj1_2/build/ee4308_lib
-- Install configuration: ""
-- Execute custom install script
-- Symlinking: /home/chen/ee4308_proj1_2/ee4308_proj1_2/install/ee4308_lib/include/ee4308_lib//common.hpp
-- Symlinking: /home/chen/ee4308_proj1_2/ee4308_proj1_2/install/ee4308_lib/include/ee4308_lib//common.hpp:Zone.Identifier
-- Symlinking: /home/chen/ee4308_proj1_2/ee4308_proj1_2/install/ee4308_lib/include/ee4308_lib//common.hpp:Zone.Identifier:Zone.Identifier
-- Symlinking: /home/chen/ee4308_proj1_2/ee4308_proj1_2/install/ee4308_lib/include/ee4308_lib//core.hpp
-- Symlinking: /home/chen/ee4308_proj1_2/ee4308_proj1_2/install/ee4308_lib/include/ee4308_lib//core.hpp:Zone.Identifier
-- Symlinking: /home/chen/ee4308_proj1_2/ee4308_proj1_2/install/ee4308_lib/include/ee4308_lib//core.hpp:Zone.Identifier:Zone.Identifier
-- Symlinking: /home/chen/ee4308_proj1_2/ee4308_proj1_2/install/ee4308_lib/include/ee4308_lib//vec2.hpp
-- Symlinking: /home/chen/ee4308_proj1_2/ee4308_proj1_2/install/ee4308_lib/include/ee4308_lib//vec2.hpp:Zone.Identifier
-- Symlinking: /home/chen/ee4308_proj1_2/ee4308_proj1_2/install/ee4308_lib/include/ee4308_lib//vec2.hpp:Zone.Identifier:Zone.Identifier
-- Symlinking: /home/chen/ee4308_proj1_2/ee4308_proj1_2/install/ee4308_lib/share/ament_index/resource_index/package_run_dependencies/ee4308_lib
-- Symlinking: /home/chen/ee4308_proj1_2/ee4308_proj1_2/install/ee4308_lib/share/ament_index/resource_index/parent_prefix_path/ee4308_lib
-- Symlinking: /home/chen/ee4308_proj1_2/ee4308_proj1_2/install/ee4308_lib/share/ee4308_lib/environment/ament_prefix_path.sh
-- Symlinking: /home/chen/ee4308_proj1_2/ee4308_proj1_2/install/ee4308_lib/share/ee4308_lib/environment/ament_prefix_path.dsv
-- Symlinking: /home/chen/ee4308_proj1_2/ee4308_proj1_2/install/ee4308_lib/share/ee4308_lib/environment/path.sh
-- Symlinking: /home/chen/ee4308_proj1_2/ee4308_proj1_2/install/ee4308_lib/share/ee4308_lib/environment/path.dsv
-- Symlinking: /home/chen/ee4308_proj1_2/ee4308_proj1_2/install/ee4308_lib/share/ee4308_lib/local_setup.bash
-- Symlinking: /home/chen/ee4308_proj1_2/ee4308_proj1_2/install/ee4308_lib/share/ee4308_lib/local_setup.sh
-- Symlinking: /home/chen/ee4308_proj1_2/ee4308_proj1_2/install/ee4308_lib/share/ee4308_lib/local_setup.zsh
-- Symlinking: /home/chen/ee4308_proj1_2/ee4308_proj1_2/install/ee4308_lib/share/ee4308_lib/local_setup.dsv
-- Symlinking: /home/chen/ee4308_proj1_2/ee4308_proj1_2/install/ee4308_lib/share/ee4308_lib/package.dsv
-- Symlinking: /home/chen/ee4308_proj1_2/ee4308_proj1_2/install/ee4308_lib/share/ament_index/resource_index/packages/ee4308_lib
-- Symlinking: /home/chen/ee4308_proj1_2/ee4308_proj1_2/install/ee4308_lib/share/ee4308_lib/cmake/ament_cmake_export_include_directories-extras.cmake
-- Symlinking: /home/chen/ee4308_proj1_2/ee4308_proj1_2/install/ee4308_lib/share/ee4308_lib/cmake/ament_cmake_export_dependencies-extras.cmake
-- Symlinking: /home/chen/ee4308_proj1_2/ee4308_proj1_2/install/ee4308_lib/share/ee4308_lib/cmake/ee4308_libConfig.cmake
-- Symlinking: /home/chen/ee4308_proj1_2/ee4308_proj1_2/install/ee4308_lib/share/ee4308_lib/cmake/ee4308_libConfig-version.cmake
-- Symlinking: /home/chen/ee4308_proj1_2/ee4308_proj1_2/install/ee4308_lib/share/ee4308_lib/package.xml
