[0.061s] Invoking command in '/home/chen/ee4308_proj1_2/ee4308_proj1_2/build/ee4308_lib': CMAKE_PREFIX_PATH=${CMAKE_PREFIX_PATH}:/opt/ros/humble /usr/bin/cmake --build /home/chen/ee4308_proj1_2/ee4308_proj1_2/build/ee4308_lib -- -j20 -l20
[0.084s] Invoked command in '/home/chen/ee4308_proj1_2/ee4308_proj1_2/build/ee4308_lib' returned '0': CMAKE_PREFIX_PATH=${CMAKE_PREFIX_PATH}:/opt/ros/humble /usr/bin/cmake --build /home/chen/ee4308_proj1_2/ee4308_proj1_2/build/ee4308_lib -- -j20 -l20
[0.100s] Invoking command in '/home/chen/ee4308_proj1_2/ee4308_proj1_2/build/ee4308_lib': CMAKE_PREFIX_PATH=${CMAKE_PREFIX_PATH}:/opt/ros/humble /usr/bin/cmake --install /home/chen/ee4308_proj1_2/ee4308_proj1_2/build/ee4308_lib
[0.104s] -- Install configuration: ""
[0.105s] -- Execute custom install script
[0.105s] -- Up-to-date symlink: /home/chen/ee4308_proj1_2/ee4308_proj1_2/install/ee4308_lib/include/ee4308_lib//common.hpp
[0.106s] -- Up-to-date symlink: /home/chen/ee4308_proj1_2/ee4308_proj1_2/install/ee4308_lib/include/ee4308_lib//core.hpp
[0.106s] -- Up-to-date symlink: /home/chen/ee4308_proj1_2/ee4308_proj1_2/install/ee4308_lib/include/ee4308_lib//vec2.hpp
[0.106s] -- Up-to-date symlink: /home/chen/ee4308_proj1_2/ee4308_proj1_2/install/ee4308_lib/share/ament_index/resource_index/package_run_dependencies/ee4308_lib
[0.106s] -- Up-to-date symlink: /home/chen/ee4308_proj1_2/ee4308_proj1_2/install/ee4308_lib/share/ament_index/resource_index/parent_prefix_path/ee4308_lib
[0.106s] -- Up-to-date symlink: /home/chen/ee4308_proj1_2/ee4308_proj1_2/install/ee4308_lib/share/ee4308_lib/environment/ament_prefix_path.sh
[0.106s] -- Up-to-date symlink: /home/chen/ee4308_proj1_2/ee4308_proj1_2/install/ee4308_lib/share/ee4308_lib/environment/ament_prefix_path.dsv
[0.106s] -- Up-to-date symlink: /home/chen/ee4308_proj1_2/ee4308_proj1_2/install/ee4308_lib/share/ee4308_lib/environment/path.sh
[0.106s] -- Up-to-date symlink: /home/chen/ee4308_proj1_2/ee4308_proj1_2/install/ee4308_lib/share/ee4308_lib/environment/path.dsv
[0.106s] -- Up-to-date symlink: /home/chen/ee4308_proj1_2/ee4308_proj1_2/install/ee4308_lib/share/ee4308_lib/local_setup.bash
[0.106s] -- Up-to-date symlink: /home/chen/ee4308_proj1_2/ee4308_proj1_2/install/ee4308_lib/share/ee4308_lib/local_setup.sh
[0.106s] -- Up-to-date symlink: /home/chen/ee4308_proj1_2/ee4308_proj1_2/install/ee4308_lib/share/ee4308_lib/local_setup.zsh
[0.107s] -- Up-to-date symlink: /home/chen/ee4308_proj1_2/ee4308_proj1_2/install/ee4308_lib/share/ee4308_lib/local_setup.dsv
[0.107s] -- Symlinking: /home/chen/ee4308_proj1_2/ee4308_proj1_2/install/ee4308_lib/share/ee4308_lib/package.dsv
[0.112s] -- Up-to-date symlink: /home/chen/ee4308_proj1_2/ee4308_proj1_2/install/ee4308_lib/share/ament_index/resource_index/packages/ee4308_lib
[0.113s] -- Up-to-date symlink: /home/chen/ee4308_proj1_2/ee4308_proj1_2/install/ee4308_lib/share/ee4308_lib/cmake/ament_cmake_export_include_directories-extras.cmake
[0.113s] -- Up-to-date symlink: /home/chen/ee4308_proj1_2/ee4308_proj1_2/install/ee4308_lib/share/ee4308_lib/cmake/ament_cmake_export_dependencies-extras.cmake
[0.113s] -- Up-to-date symlink: /home/chen/ee4308_proj1_2/ee4308_proj1_2/install/ee4308_lib/share/ee4308_lib/cmake/ee4308_libConfig.cmake
[0.113s] -- Up-to-date symlink: /home/chen/ee4308_proj1_2/ee4308_proj1_2/install/ee4308_lib/share/ee4308_lib/cmake/ee4308_libConfig-version.cmake
[0.114s] -- Up-to-date symlink: /home/chen/ee4308_proj1_2/ee4308_proj1_2/install/ee4308_lib/share/ee4308_lib/package.xml
[0.115s] Invoked command in '/home/chen/ee4308_proj1_2/ee4308_proj1_2/build/ee4308_lib' returned '0': CMAKE_PREFIX_PATH=${CMAKE_PREFIX_PATH}:/opt/ros/humble /usr/bin/cmake --install /home/chen/ee4308_proj1_2/ee4308_proj1_2/build/ee4308_lib
