[2.799s] Invoking command in '/home/chen/ee4308_proj1_2/ee4308_proj1_2/build/ee4308_turtle': AMENT_PREFIX_PATH=/home/chen/ee4308_proj1_2/ee4308_proj1_2/install/ee4308_lib:/home/chen/ee4308_proj1_2/ee4308_proj1_2/install/ee4308_interfaces:${AMENT_PREFIX_PATH} CMAKE_PREFIX_PATH=/home/chen/ee4308_proj1_2/ee4308_proj1_2/install/ee4308_lib:/home/chen/ee4308_proj1_2/ee4308_proj1_2/install/ee4308_interfaces:/opt/ros/humble LD_LIBRARY_PATH=/home/chen/ee4308_proj1_2/ee4308_proj1_2/install/ee4308_interfaces/lib:/opt/ros/humble/opt/rviz_ogre_vendor/lib:/opt/ros/humble/lib/x86_64-linux-gnu:/opt/ros/humble/lib:/usr/lib/x86_64-linux-gnu/gazebo-11/plugins:/usr/lib/x86_64-linux-gnu/gazebo-11/plugins:/usr/lib/x86_64-linux-gnu/gazebo-11/plugins:/usr/lib/x86_64-linux-gnu/gazebo-11/plugins:/usr/lib/x86_64-linux-gnu/gazebo-11/plugins:/usr/lib/x86_64-linux-gnu/gazebo-11/plugins:/usr/lib/x86_64-linux-gnu/gazebo-11/plugins:/usr/lib/x86_64-linux-gnu/gazebo-11/plugins:/usr/lib/x86_64-linux-gnu/gazebo-11/plugins:/usr/lib/x86_64-linux-gnu/gazebo-11/plugins PYTHONPATH=/home/chen/ee4308_proj1_2/ee4308_proj1_2/install/ee4308_interfaces/local/lib/python3.10/dist-packages:${PYTHONPATH} /usr/bin/cmake /home/chen/ee4308_proj1_2/ee4308_proj1_2/src/ee4308_turtle -DAMENT_CMAKE_SYMLINK_INSTALL=1 -DCMAKE_INSTALL_PREFIX=/home/chen/ee4308_proj1_2/ee4308_proj1_2/install/ee4308_turtle
[3.639s] -- The C compiler identification is GNU 11.4.0
[16.931s] -- The CXX compiler identification is GNU 11.4.0
[37.534s] -- Detecting C compiler ABI info
[42.126s] -- Detecting C compiler ABI info - done
[42.130s] -- Check for working C compiler: /usr/bin/cc - skipped
[42.130s] -- Detecting C compile features
[42.130s] -- Detecting C compile features - done
[42.132s] -- Detecting CXX compiler ABI info
[46.958s] -- Detecting CXX compiler ABI info - done
[46.964s] -- Check for working CXX compiler: /usr/bin/c++ - skipped
[46.964s] -- Detecting CXX compile features
[46.964s] -- Detecting CXX compile features - done
[46.966s] -- Found ament_cmake: 1.3.6 (/opt/ros/humble/share/ament_cmake/cmake)
[47.059s] -- Found Python3: /usr/bin/python3.10 (found version "3.10.12") found components: Interpreter 
[47.093s] -- Override CMake install command with custom implementation using symlinks instead of copying resources
[47.109s] -- Found rclcpp: 16.0.7 (/opt/ros/humble/share/rclcpp/cmake)
[53.380s] -- Found rosidl_generator_c: 3.1.5 (/opt/ros/humble/share/rosidl_generator_c/cmake)
[53.382s] -- Found rosidl_adapter: 3.1.5 (/opt/ros/humble/share/rosidl_adapter/cmake)
[53.387s] -- Found rosidl_generator_cpp: 3.1.5 (/opt/ros/humble/share/rosidl_generator_cpp/cmake)
[53.395s] -- Using all available rosidl_typesupport_c: rosidl_typesupport_fastrtps_c;rosidl_typesupport_introspection_c
[53.406s] -- Using all available rosidl_typesupport_cpp: rosidl_typesupport_fastrtps_cpp;rosidl_typesupport_introspection_cpp
[53.445s] -- Found rmw_implementation_cmake: 6.1.1 (/opt/ros/humble/share/rmw_implementation_cmake/cmake)
[53.446s] -- Found rmw_fastrtps_cpp: 6.2.5 (/opt/ros/humble/share/rmw_fastrtps_cpp/cmake)
[100.848s] -- Found OpenSSL: /usr/lib/x86_64-linux-gnu/libcrypto.so (found version "3.0.2")  
[136.742s] -- Found FastRTPS: /opt/ros/humble/include  
[205.083s] -- Using RMW implementation 'rmw_fastrtps_cpp' as default
[205.092s] -- Looking for pthread.h
[205.284s] -- Looking for pthread.h - found
[205.284s] -- Performing Test CMAKE_HAVE_LIBC_PTHREAD
[205.433s] -- Performing Test CMAKE_HAVE_LIBC_PTHREAD - Success
[205.434s] -- Found Threads: TRUE  
[205.527s] -- Found sensor_msgs: 4.2.3 (/opt/ros/humble/share/sensor_msgs/cmake)
[205.603s] -- Found nav_msgs: 4.2.3 (/opt/ros/humble/share/nav_msgs/cmake)
[205.653s] -- Found std_srvs: 4.2.3 (/opt/ros/humble/share/std_srvs/cmake)
[205.664s] -- Found tf2: 0.25.5 (/opt/ros/humble/share/tf2/cmake)
[205.672s] -- Found tf2_ros: 0.25.5 (/opt/ros/humble/share/tf2_ros/cmake)
[205.864s] -- Found eigen3_cmake_module: 0.1.1 (/opt/ros/humble/share/eigen3_cmake_module/cmake)
[205.867s] -- Found Eigen3: TRUE (found version "3.4.0") 
[205.867s] -- Found ee4308_lib: 0.0.0 (/home/chen/ee4308_proj1_2/ee4308_proj1_2/install/ee4308_lib/share/ee4308_lib/cmake)
[205.868s] -- Found ee4308_interfaces: 0.0.0 (/home/chen/ee4308_proj1_2/ee4308_proj1_2/install/ee4308_interfaces/share/ee4308_interfaces/cmake)
[206.021s] -- Configuring done
[206.040s] -- Generating done
[206.041s] -- Build files have been written to: /home/chen/ee4308_proj1_2/ee4308_proj1_2/build/ee4308_turtle
[206.048s] Invoked command in '/home/chen/ee4308_proj1_2/ee4308_proj1_2/build/ee4308_turtle' returned '0': AMENT_PREFIX_PATH=/home/chen/ee4308_proj1_2/ee4308_proj1_2/install/ee4308_lib:/home/chen/ee4308_proj1_2/ee4308_proj1_2/install/ee4308_interfaces:${AMENT_PREFIX_PATH} CMAKE_PREFIX_PATH=/home/chen/ee4308_proj1_2/ee4308_proj1_2/install/ee4308_lib:/home/chen/ee4308_proj1_2/ee4308_proj1_2/install/ee4308_interfaces:/opt/ros/humble LD_LIBRARY_PATH=/home/chen/ee4308_proj1_2/ee4308_proj1_2/install/ee4308_interfaces/lib:/opt/ros/humble/opt/rviz_ogre_vendor/lib:/opt/ros/humble/lib/x86_64-linux-gnu:/opt/ros/humble/lib:/usr/lib/x86_64-linux-gnu/gazebo-11/plugins:/usr/lib/x86_64-linux-gnu/gazebo-11/plugins:/usr/lib/x86_64-linux-gnu/gazebo-11/plugins:/usr/lib/x86_64-linux-gnu/gazebo-11/plugins:/usr/lib/x86_64-linux-gnu/gazebo-11/plugins:/usr/lib/x86_64-linux-gnu/gazebo-11/plugins:/usr/lib/x86_64-linux-gnu/gazebo-11/plugins:/usr/lib/x86_64-linux-gnu/gazebo-11/plugins:/usr/lib/x86_64-linux-gnu/gazebo-11/plugins:/usr/lib/x86_64-linux-gnu/gazebo-11/plugins PYTHONPATH=/home/chen/ee4308_proj1_2/ee4308_proj1_2/install/ee4308_interfaces/local/lib/python3.10/dist-packages:${PYTHONPATH} /usr/bin/cmake /home/chen/ee4308_proj1_2/ee4308_proj1_2/src/ee4308_turtle -DAMENT_CMAKE_SYMLINK_INSTALL=1 -DCMAKE_INSTALL_PREFIX=/home/chen/ee4308_proj1_2/ee4308_proj1_2/install/ee4308_turtle
[206.049s] Invoking command in '/home/chen/ee4308_proj1_2/ee4308_proj1_2/build/ee4308_turtle': AMENT_PREFIX_PATH=/home/chen/ee4308_proj1_2/ee4308_proj1_2/install/ee4308_lib:/home/chen/ee4308_proj1_2/ee4308_proj1_2/install/ee4308_interfaces:${AMENT_PREFIX_PATH} CMAKE_PREFIX_PATH=/home/chen/ee4308_proj1_2/ee4308_proj1_2/install/ee4308_lib:/home/chen/ee4308_proj1_2/ee4308_proj1_2/install/ee4308_interfaces:/opt/ros/humble LD_LIBRARY_PATH=/home/chen/ee4308_proj1_2/ee4308_proj1_2/install/ee4308_interfaces/lib:/opt/ros/humble/opt/rviz_ogre_vendor/lib:/opt/ros/humble/lib/x86_64-linux-gnu:/opt/ros/humble/lib:/usr/lib/x86_64-linux-gnu/gazebo-11/plugins:/usr/lib/x86_64-linux-gnu/gazebo-11/plugins:/usr/lib/x86_64-linux-gnu/gazebo-11/plugins:/usr/lib/x86_64-linux-gnu/gazebo-11/plugins:/usr/lib/x86_64-linux-gnu/gazebo-11/plugins:/usr/lib/x86_64-linux-gnu/gazebo-11/plugins:/usr/lib/x86_64-linux-gnu/gazebo-11/plugins:/usr/lib/x86_64-linux-gnu/gazebo-11/plugins:/usr/lib/x86_64-linux-gnu/gazebo-11/plugins:/usr/lib/x86_64-linux-gnu/gazebo-11/plugins PYTHONPATH=/home/chen/ee4308_proj1_2/ee4308_proj1_2/install/ee4308_interfaces/local/lib/python3.10/dist-packages:${PYTHONPATH} /usr/bin/cmake --build /home/chen/ee4308_proj1_2/ee4308_proj1_2/build/ee4308_turtle -- -j20 -l20
[206.072s] [ 10%] [32mBuilding CXX object CMakeFiles/mapper.dir/src/mapper.cpp.o[0m
[206.073s] [ 20%] [32mBuilding CXX object CMakeFiles/controller.dir/src/controller.cpp.o[0m
[206.073s] [ 30%] [32mBuilding CXX object CMakeFiles/behavior.dir/src/behavior.cpp.o[0m
[206.073s] [ 40%] [32mBuilding CXX object CMakeFiles/estimator.dir/src/estimator.cpp.o[0m
[206.075s] [ 50%] [32mBuilding CXX object CMakeFiles/planner_smoother.dir/src/planner_smoother.cpp.o[0m
[209.007s] [ 60%] [32m[1mLinking CXX executable behavior[0m
[209.287s] [ 60%] Built target behavior
[210.739s] [ 70%] [32m[1mLinking CXX executable planner_smoother[0m
[211.945s] [ 70%] Built target planner_smoother
[213.067s] [ 80%] [32m[1mLinking CXX executable controller[0m
[213.600s] [ 80%] Built target controller
[213.649s] [ 90%] [32m[1mLinking CXX executable estimator[0m
[214.381s] [100%] [32m[1mLinking CXX executable mapper[0m
[215.215s] [100%] Built target estimator
[215.307s] [100%] Built target mapper
[215.313s] Invoked command in '/home/chen/ee4308_proj1_2/ee4308_proj1_2/build/ee4308_turtle' returned '0': AMENT_PREFIX_PATH=/home/chen/ee4308_proj1_2/ee4308_proj1_2/install/ee4308_lib:/home/chen/ee4308_proj1_2/ee4308_proj1_2/install/ee4308_interfaces:${AMENT_PREFIX_PATH} CMAKE_PREFIX_PATH=/home/chen/ee4308_proj1_2/ee4308_proj1_2/install/ee4308_lib:/home/chen/ee4308_proj1_2/ee4308_proj1_2/install/ee4308_interfaces:/opt/ros/humble LD_LIBRARY_PATH=/home/chen/ee4308_proj1_2/ee4308_proj1_2/install/ee4308_interfaces/lib:/opt/ros/humble/opt/rviz_ogre_vendor/lib:/opt/ros/humble/lib/x86_64-linux-gnu:/opt/ros/humble/lib:/usr/lib/x86_64-linux-gnu/gazebo-11/plugins:/usr/lib/x86_64-linux-gnu/gazebo-11/plugins:/usr/lib/x86_64-linux-gnu/gazebo-11/plugins:/usr/lib/x86_64-linux-gnu/gazebo-11/plugins:/usr/lib/x86_64-linux-gnu/gazebo-11/plugins:/usr/lib/x86_64-linux-gnu/gazebo-11/plugins:/usr/lib/x86_64-linux-gnu/gazebo-11/plugins:/usr/lib/x86_64-linux-gnu/gazebo-11/plugins:/usr/lib/x86_64-linux-gnu/gazebo-11/plugins:/usr/lib/x86_64-linux-gnu/gazebo-11/plugins PYTHONPATH=/home/chen/ee4308_proj1_2/ee4308_proj1_2/install/ee4308_interfaces/local/lib/python3.10/dist-packages:${PYTHONPATH} /usr/bin/cmake --build /home/chen/ee4308_proj1_2/ee4308_proj1_2/build/ee4308_turtle -- -j20 -l20
[215.333s] Invoking command in '/home/chen/ee4308_proj1_2/ee4308_proj1_2/build/ee4308_turtle': AMENT_PREFIX_PATH=/home/chen/ee4308_proj1_2/ee4308_proj1_2/install/ee4308_lib:/home/chen/ee4308_proj1_2/ee4308_proj1_2/install/ee4308_interfaces:${AMENT_PREFIX_PATH} CMAKE_PREFIX_PATH=/home/chen/ee4308_proj1_2/ee4308_proj1_2/install/ee4308_lib:/home/chen/ee4308_proj1_2/ee4308_proj1_2/install/ee4308_interfaces:/opt/ros/humble LD_LIBRARY_PATH=/home/chen/ee4308_proj1_2/ee4308_proj1_2/install/ee4308_interfaces/lib:/opt/ros/humble/opt/rviz_ogre_vendor/lib:/opt/ros/humble/lib/x86_64-linux-gnu:/opt/ros/humble/lib:/usr/lib/x86_64-linux-gnu/gazebo-11/plugins:/usr/lib/x86_64-linux-gnu/gazebo-11/plugins:/usr/lib/x86_64-linux-gnu/gazebo-11/plugins:/usr/lib/x86_64-linux-gnu/gazebo-11/plugins:/usr/lib/x86_64-linux-gnu/gazebo-11/plugins:/usr/lib/x86_64-linux-gnu/gazebo-11/plugins:/usr/lib/x86_64-linux-gnu/gazebo-11/plugins:/usr/lib/x86_64-linux-gnu/gazebo-11/plugins:/usr/lib/x86_64-linux-gnu/gazebo-11/plugins:/usr/lib/x86_64-linux-gnu/gazebo-11/plugins PYTHONPATH=/home/chen/ee4308_proj1_2/ee4308_proj1_2/install/ee4308_interfaces/local/lib/python3.10/dist-packages:${PYTHONPATH} /usr/bin/cmake --install /home/chen/ee4308_proj1_2/ee4308_proj1_2/build/ee4308_turtle
[215.336s] -- Install configuration: ""
[215.336s] -- Execute custom install script
[215.337s] -- Symlinking: /home/chen/ee4308_proj1_2/ee4308_proj1_2/install/ee4308_turtle/lib/ee4308_turtle/mapper
[215.341s] -- Symlinking: /home/chen/ee4308_proj1_2/ee4308_proj1_2/install/ee4308_turtle/lib/ee4308_turtle/planner_smoother
[215.344s] -- Symlinking: /home/chen/ee4308_proj1_2/ee4308_proj1_2/install/ee4308_turtle/lib/ee4308_turtle/controller
[215.348s] -- Symlinking: /home/chen/ee4308_proj1_2/ee4308_proj1_2/install/ee4308_turtle/lib/ee4308_turtle/behavior
[215.352s] -- Symlinking: /home/chen/ee4308_proj1_2/ee4308_proj1_2/install/ee4308_turtle/lib/ee4308_turtle/estimator
[215.355s] -- Symlinking: /home/chen/ee4308_proj1_2/ee4308_proj1_2/install/ee4308_turtle/share/ament_index/resource_index/package_run_dependencies/ee4308_turtle
[215.359s] -- Symlinking: /home/chen/ee4308_proj1_2/ee4308_proj1_2/install/ee4308_turtle/share/ament_index/resource_index/parent_prefix_path/ee4308_turtle
[215.362s] -- Symlinking: /home/chen/ee4308_proj1_2/ee4308_proj1_2/install/ee4308_turtle/share/ee4308_turtle/environment/ament_prefix_path.sh
[215.365s] -- Symlinking: /home/chen/ee4308_proj1_2/ee4308_proj1_2/install/ee4308_turtle/share/ee4308_turtle/environment/ament_prefix_path.dsv
[215.369s] -- Symlinking: /home/chen/ee4308_proj1_2/ee4308_proj1_2/install/ee4308_turtle/share/ee4308_turtle/environment/path.sh
[215.372s] -- Symlinking: /home/chen/ee4308_proj1_2/ee4308_proj1_2/install/ee4308_turtle/share/ee4308_turtle/environment/path.dsv
[215.376s] -- Symlinking: /home/chen/ee4308_proj1_2/ee4308_proj1_2/install/ee4308_turtle/share/ee4308_turtle/local_setup.bash
[215.379s] -- Symlinking: /home/chen/ee4308_proj1_2/ee4308_proj1_2/install/ee4308_turtle/share/ee4308_turtle/local_setup.sh
[215.382s] -- Symlinking: /home/chen/ee4308_proj1_2/ee4308_proj1_2/install/ee4308_turtle/share/ee4308_turtle/local_setup.zsh
[215.386s] -- Symlinking: /home/chen/ee4308_proj1_2/ee4308_proj1_2/install/ee4308_turtle/share/ee4308_turtle/local_setup.dsv
[215.390s] -- Symlinking: /home/chen/ee4308_proj1_2/ee4308_proj1_2/install/ee4308_turtle/share/ee4308_turtle/package.dsv
[215.393s] -- Symlinking: /home/chen/ee4308_proj1_2/ee4308_proj1_2/install/ee4308_turtle/share/ament_index/resource_index/packages/ee4308_turtle
[215.397s] -- Symlinking: /home/chen/ee4308_proj1_2/ee4308_proj1_2/install/ee4308_turtle/share/ee4308_turtle/cmake/ament_cmake_export_include_directories-extras.cmake
[215.400s] -- Symlinking: /home/chen/ee4308_proj1_2/ee4308_proj1_2/install/ee4308_turtle/share/ee4308_turtle/cmake/ament_cmake_export_dependencies-extras.cmake
[215.404s] -- Symlinking: /home/chen/ee4308_proj1_2/ee4308_proj1_2/install/ee4308_turtle/share/ee4308_turtle/cmake/ee4308_turtleConfig.cmake
[215.407s] -- Symlinking: /home/chen/ee4308_proj1_2/ee4308_proj1_2/install/ee4308_turtle/share/ee4308_turtle/cmake/ee4308_turtleConfig-version.cmake
[215.410s] -- Symlinking: /home/chen/ee4308_proj1_2/ee4308_proj1_2/install/ee4308_turtle/share/ee4308_turtle/package.xml
[215.415s] Invoked command in '/home/chen/ee4308_proj1_2/ee4308_proj1_2/build/ee4308_turtle' returned '0': AMENT_PREFIX_PATH=/home/chen/ee4308_proj1_2/ee4308_proj1_2/install/ee4308_lib:/home/chen/ee4308_proj1_2/ee4308_proj1_2/install/ee4308_interfaces:${AMENT_PREFIX_PATH} CMAKE_PREFIX_PATH=/home/chen/ee4308_proj1_2/ee4308_proj1_2/install/ee4308_lib:/home/chen/ee4308_proj1_2/ee4308_proj1_2/install/ee4308_interfaces:/opt/ros/humble LD_LIBRARY_PATH=/home/chen/ee4308_proj1_2/ee4308_proj1_2/install/ee4308_interfaces/lib:/opt/ros/humble/opt/rviz_ogre_vendor/lib:/opt/ros/humble/lib/x86_64-linux-gnu:/opt/ros/humble/lib:/usr/lib/x86_64-linux-gnu/gazebo-11/plugins:/usr/lib/x86_64-linux-gnu/gazebo-11/plugins:/usr/lib/x86_64-linux-gnu/gazebo-11/plugins:/usr/lib/x86_64-linux-gnu/gazebo-11/plugins:/usr/lib/x86_64-linux-gnu/gazebo-11/plugins:/usr/lib/x86_64-linux-gnu/gazebo-11/plugins:/usr/lib/x86_64-linux-gnu/gazebo-11/plugins:/usr/lib/x86_64-linux-gnu/gazebo-11/plugins:/usr/lib/x86_64-linux-gnu/gazebo-11/plugins:/usr/lib/x86_64-linux-gnu/gazebo-11/plugins PYTHONPATH=/home/chen/ee4308_proj1_2/ee4308_proj1_2/install/ee4308_interfaces/local/lib/python3.10/dist-packages:${PYTHONPATH} /usr/bin/cmake --install /home/chen/ee4308_proj1_2/ee4308_proj1_2/build/ee4308_turtle
