[1.262s] Invoking command in '/home/chen/ee4308_proj1_2/ee4308_proj1_2/build/ee4308_turtle': CMAKE_PREFIX_PATH=/home/chen/ee4308_proj1_2/ee4308_proj1_2/install/ee4308_lib:/home/chen/ee4308_proj1_2/ee4308_proj1_2/install/ee4308_interfaces:/home/chen/ee4308_proj1_2/ee4308_proj1_2/install/ee4308_turtle:/home/chen/ee4308_proj1_2/ee4308_proj1_2/install/ee4308_bringup:/opt/ros/humble LD_LIBRARY_PATH=/home/chen/ee4308_proj1_2/ee4308_proj1_2/install/ee4308_interfaces/lib:/opt/ros/humble/opt/rviz_ogre_vendor/lib:/opt/ros/humble/lib/x86_64-linux-gnu:/opt/ros/humble/lib:/usr/lib/x86_64-linux-gnu/gazebo-11/plugins:/usr/lib/x86_64-linux-gnu/gazebo-11/plugins:/usr/lib/x86_64-linux-gnu/gazebo-11/plugins:/usr/lib/x86_64-linux-gnu/gazebo-11/plugins:/usr/lib/x86_64-linux-gnu/gazebo-11/plugins:/usr/lib/x86_64-linux-gnu/gazebo-11/plugins:/usr/lib/x86_64-linux-gnu/gazebo-11/plugins:/usr/lib/x86_64-linux-gnu/gazebo-11/plugins:/usr/lib/x86_64-linux-gnu/gazebo-11/plugins:/usr/lib/x86_64-linux-gnu/gazebo-11/plugins:/usr/lib/x86_64-linux-gnu/gazebo-11/plugins:/usr/lib/x86_64-linux-gnu/gazebo-11/plugins:/usr/lib/x86_64-linux-gnu/gazebo-11/plugins:/usr/lib/x86_64-linux-gnu/gazebo-11/plugins:/usr/lib/x86_64-linux-gnu/gazebo-11/plugins:/usr/lib/x86_64-linux-gnu/gazebo-11/plugins:/usr/lib/x86_64-linux-gnu/gazebo-11/plugins:/usr/lib/x86_64-linux-gnu/gazebo-11/plugins:/usr/lib/x86_64-linux-gnu/gazebo-11/plugins:/usr/lib/x86_64-linux-gnu/gazebo-11/plugins:/usr/lib/x86_64-linux-gnu/gazebo-11/plugins /usr/bin/cmake --build /home/chen/ee4308_proj1_2/ee4308_proj1_2/build/ee4308_turtle -- -j20 -l20
[1.286s] [35m[1mConsolidate compiler generated dependencies of target mapper[0m
[1.286s] [35m[1mConsolidate compiler generated dependencies of target controller[0m
[1.286s] [35m[1mConsolidate compiler generated dependencies of target estimator[0m
[1.286s] [35m[1mConsolidate compiler generated dependencies of target planner_smoother[0m
[1.287s] [35m[1mConsolidate compiler generated dependencies of target behavior[0m
[1.294s] [ 20%] Built target controller
[1.294s] [ 40%] Built target estimator
[1.296s] [ 60%] Built target mapper
[1.296s] [ 80%] Built target behavior
[1.299s] [100%] Built target planner_smoother
[1.304s] Invoked command in '/home/chen/ee4308_proj1_2/ee4308_proj1_2/build/ee4308_turtle' returned '0': CMAKE_PREFIX_PATH=/home/chen/ee4308_proj1_2/ee4308_proj1_2/install/ee4308_lib:/home/chen/ee4308_proj1_2/ee4308_proj1_2/install/ee4308_interfaces:/home/chen/ee4308_proj1_2/ee4308_proj1_2/install/ee4308_turtle:/home/chen/ee4308_proj1_2/ee4308_proj1_2/install/ee4308_bringup:/opt/ros/humble LD_LIBRARY_PATH=/home/chen/ee4308_proj1_2/ee4308_proj1_2/install/ee4308_interfaces/lib:/opt/ros/humble/opt/rviz_ogre_vendor/lib:/opt/ros/humble/lib/x86_64-linux-gnu:/opt/ros/humble/lib:/usr/lib/x86_64-linux-gnu/gazebo-11/plugins:/usr/lib/x86_64-linux-gnu/gazebo-11/plugins:/usr/lib/x86_64-linux-gnu/gazebo-11/plugins:/usr/lib/x86_64-linux-gnu/gazebo-11/plugins:/usr/lib/x86_64-linux-gnu/gazebo-11/plugins:/usr/lib/x86_64-linux-gnu/gazebo-11/plugins:/usr/lib/x86_64-linux-gnu/gazebo-11/plugins:/usr/lib/x86_64-linux-gnu/gazebo-11/plugins:/usr/lib/x86_64-linux-gnu/gazebo-11/plugins:/usr/lib/x86_64-linux-gnu/gazebo-11/plugins:/usr/lib/x86_64-linux-gnu/gazebo-11/plugins:/usr/lib/x86_64-linux-gnu/gazebo-11/plugins:/usr/lib/x86_64-linux-gnu/gazebo-11/plugins:/usr/lib/x86_64-linux-gnu/gazebo-11/plugins:/usr/lib/x86_64-linux-gnu/gazebo-11/plugins:/usr/lib/x86_64-linux-gnu/gazebo-11/plugins:/usr/lib/x86_64-linux-gnu/gazebo-11/plugins:/usr/lib/x86_64-linux-gnu/gazebo-11/plugins:/usr/lib/x86_64-linux-gnu/gazebo-11/plugins:/usr/lib/x86_64-linux-gnu/gazebo-11/plugins:/usr/lib/x86_64-linux-gnu/gazebo-11/plugins /usr/bin/cmake --build /home/chen/ee4308_proj1_2/ee4308_proj1_2/build/ee4308_turtle -- -j20 -l20
[1.323s] Invoking command in '/home/chen/ee4308_proj1_2/ee4308_proj1_2/build/ee4308_turtle': CMAKE_PREFIX_PATH=/home/chen/ee4308_proj1_2/ee4308_proj1_2/install/ee4308_lib:/home/chen/ee4308_proj1_2/ee4308_proj1_2/install/ee4308_interfaces:/home/chen/ee4308_proj1_2/ee4308_proj1_2/install/ee4308_turtle:/home/chen/ee4308_proj1_2/ee4308_proj1_2/install/ee4308_bringup:/opt/ros/humble LD_LIBRARY_PATH=/home/chen/ee4308_proj1_2/ee4308_proj1_2/install/ee4308_interfaces/lib:/opt/ros/humble/opt/rviz_ogre_vendor/lib:/opt/ros/humble/lib/x86_64-linux-gnu:/opt/ros/humble/lib:/usr/lib/x86_64-linux-gnu/gazebo-11/plugins:/usr/lib/x86_64-linux-gnu/gazebo-11/plugins:/usr/lib/x86_64-linux-gnu/gazebo-11/plugins:/usr/lib/x86_64-linux-gnu/gazebo-11/plugins:/usr/lib/x86_64-linux-gnu/gazebo-11/plugins:/usr/lib/x86_64-linux-gnu/gazebo-11/plugins:/usr/lib/x86_64-linux-gnu/gazebo-11/plugins:/usr/lib/x86_64-linux-gnu/gazebo-11/plugins:/usr/lib/x86_64-linux-gnu/gazebo-11/plugins:/usr/lib/x86_64-linux-gnu/gazebo-11/plugins:/usr/lib/x86_64-linux-gnu/gazebo-11/plugins:/usr/lib/x86_64-linux-gnu/gazebo-11/plugins:/usr/lib/x86_64-linux-gnu/gazebo-11/plugins:/usr/lib/x86_64-linux-gnu/gazebo-11/plugins:/usr/lib/x86_64-linux-gnu/gazebo-11/plugins:/usr/lib/x86_64-linux-gnu/gazebo-11/plugins:/usr/lib/x86_64-linux-gnu/gazebo-11/plugins:/usr/lib/x86_64-linux-gnu/gazebo-11/plugins:/usr/lib/x86_64-linux-gnu/gazebo-11/plugins:/usr/lib/x86_64-linux-gnu/gazebo-11/plugins:/usr/lib/x86_64-linux-gnu/gazebo-11/plugins /usr/bin/cmake --install /home/chen/ee4308_proj1_2/ee4308_proj1_2/build/ee4308_turtle
[1.326s] -- Install configuration: ""
[1.326s] -- Execute custom install script
[1.326s] -- Up-to-date symlink: /home/chen/ee4308_proj1_2/ee4308_proj1_2/install/ee4308_turtle/lib/ee4308_turtle/mapper
[1.326s] -- Up-to-date symlink: /home/chen/ee4308_proj1_2/ee4308_proj1_2/install/ee4308_turtle/lib/ee4308_turtle/planner_smoother
[1.326s] -- Up-to-date symlink: /home/chen/ee4308_proj1_2/ee4308_proj1_2/install/ee4308_turtle/lib/ee4308_turtle/controller
[1.327s] -- Up-to-date symlink: /home/chen/ee4308_proj1_2/ee4308_proj1_2/install/ee4308_turtle/lib/ee4308_turtle/behavior
[1.327s] -- Up-to-date symlink: /home/chen/ee4308_proj1_2/ee4308_proj1_2/install/ee4308_turtle/lib/ee4308_turtle/estimator
[1.327s] -- Up-to-date symlink: /home/chen/ee4308_proj1_2/ee4308_proj1_2/install/ee4308_turtle/share/ament_index/resource_index/package_run_dependencies/ee4308_turtle
[1.327s] -- Up-to-date symlink: /home/chen/ee4308_proj1_2/ee4308_proj1_2/install/ee4308_turtle/share/ament_index/resource_index/parent_prefix_path/ee4308_turtle
[1.327s] -- Up-to-date symlink: /home/chen/ee4308_proj1_2/ee4308_proj1_2/install/ee4308_turtle/share/ee4308_turtle/environment/ament_prefix_path.sh
[1.327s] -- Up-to-date symlink: /home/chen/ee4308_proj1_2/ee4308_proj1_2/install/ee4308_turtle/share/ee4308_turtle/environment/ament_prefix_path.dsv
[1.327s] -- Up-to-date symlink: /home/chen/ee4308_proj1_2/ee4308_proj1_2/install/ee4308_turtle/share/ee4308_turtle/environment/path.sh
[1.327s] -- Up-to-date symlink: /home/chen/ee4308_proj1_2/ee4308_proj1_2/install/ee4308_turtle/share/ee4308_turtle/environment/path.dsv
[1.328s] -- Up-to-date symlink: /home/chen/ee4308_proj1_2/ee4308_proj1_2/install/ee4308_turtle/share/ee4308_turtle/local_setup.bash
[1.328s] -- Up-to-date symlink: /home/chen/ee4308_proj1_2/ee4308_proj1_2/install/ee4308_turtle/share/ee4308_turtle/local_setup.sh
[1.328s] -- Up-to-date symlink: /home/chen/ee4308_proj1_2/ee4308_proj1_2/install/ee4308_turtle/share/ee4308_turtle/local_setup.zsh
[1.328s] -- Up-to-date symlink: /home/chen/ee4308_proj1_2/ee4308_proj1_2/install/ee4308_turtle/share/ee4308_turtle/local_setup.dsv
[1.328s] -- Symlinking: /home/chen/ee4308_proj1_2/ee4308_proj1_2/install/ee4308_turtle/share/ee4308_turtle/package.dsv
[1.331s] -- Up-to-date symlink: /home/chen/ee4308_proj1_2/ee4308_proj1_2/install/ee4308_turtle/share/ament_index/resource_index/packages/ee4308_turtle
[1.332s] -- Up-to-date symlink: /home/chen/ee4308_proj1_2/ee4308_proj1_2/install/ee4308_turtle/share/ee4308_turtle/cmake/ament_cmake_export_include_directories-extras.cmake
[1.332s] -- Up-to-date symlink: /home/chen/ee4308_proj1_2/ee4308_proj1_2/install/ee4308_turtle/share/ee4308_turtle/cmake/ament_cmake_export_dependencies-extras.cmake
[1.332s] -- Up-to-date symlink: /home/chen/ee4308_proj1_2/ee4308_proj1_2/install/ee4308_turtle/share/ee4308_turtle/cmake/ee4308_turtleConfig.cmake
[1.332s] -- Up-to-date symlink: /home/chen/ee4308_proj1_2/ee4308_proj1_2/install/ee4308_turtle/share/ee4308_turtle/cmake/ee4308_turtleConfig-version.cmake
[1.332s] -- Up-to-date symlink: /home/chen/ee4308_proj1_2/ee4308_proj1_2/install/ee4308_turtle/share/ee4308_turtle/package.xml
[1.333s] Invoked command in '/home/chen/ee4308_proj1_2/ee4308_proj1_2/build/ee4308_turtle' returned '0': CMAKE_PREFIX_PATH=/home/chen/ee4308_proj1_2/ee4308_proj1_2/install/ee4308_lib:/home/chen/ee4308_proj1_2/ee4308_proj1_2/install/ee4308_interfaces:/home/chen/ee4308_proj1_2/ee4308_proj1_2/install/ee4308_turtle:/home/chen/ee4308_proj1_2/ee4308_proj1_2/install/ee4308_bringup:/opt/ros/humble LD_LIBRARY_PATH=/home/chen/ee4308_proj1_2/ee4308_proj1_2/install/ee4308_interfaces/lib:/opt/ros/humble/opt/rviz_ogre_vendor/lib:/opt/ros/humble/lib/x86_64-linux-gnu:/opt/ros/humble/lib:/usr/lib/x86_64-linux-gnu/gazebo-11/plugins:/usr/lib/x86_64-linux-gnu/gazebo-11/plugins:/usr/lib/x86_64-linux-gnu/gazebo-11/plugins:/usr/lib/x86_64-linux-gnu/gazebo-11/plugins:/usr/lib/x86_64-linux-gnu/gazebo-11/plugins:/usr/lib/x86_64-linux-gnu/gazebo-11/plugins:/usr/lib/x86_64-linux-gnu/gazebo-11/plugins:/usr/lib/x86_64-linux-gnu/gazebo-11/plugins:/usr/lib/x86_64-linux-gnu/gazebo-11/plugins:/usr/lib/x86_64-linux-gnu/gazebo-11/plugins:/usr/lib/x86_64-linux-gnu/gazebo-11/plugins:/usr/lib/x86_64-linux-gnu/gazebo-11/plugins:/usr/lib/x86_64-linux-gnu/gazebo-11/plugins:/usr/lib/x86_64-linux-gnu/gazebo-11/plugins:/usr/lib/x86_64-linux-gnu/gazebo-11/plugins:/usr/lib/x86_64-linux-gnu/gazebo-11/plugins:/usr/lib/x86_64-linux-gnu/gazebo-11/plugins:/usr/lib/x86_64-linux-gnu/gazebo-11/plugins:/usr/lib/x86_64-linux-gnu/gazebo-11/plugins:/usr/lib/x86_64-linux-gnu/gazebo-11/plugins:/usr/lib/x86_64-linux-gnu/gazebo-11/plugins /usr/bin/cmake --install /home/chen/ee4308_proj1_2/ee4308_proj1_2/build/ee4308_turtle
