[0.088s] Invoking command in '/home/chen/ee4308_proj1_2/ee4308_proj1_2/build/ee4308_interfaces': CMAKE_PREFIX_PATH=${CMAKE_PREFIX_PATH}:/opt/ros/humble /usr/bin/cmake --build /home/chen/ee4308_proj1_2/ee4308_proj1_2/build/ee4308_interfaces -- -j20 -l20
[0.114s] [ 12%] Built target ee4308_interfaces__cpp
[0.114s] [ 12%] Built target ee4308_interfaces__rosidl_generator_c
[0.119s] [ 12%] Built target ament_cmake_python_symlink_ee4308_interfaces
[0.127s] [ 22%] Built target ee4308_interfaces__rosidl_typesupport_introspection_c
[0.127s] [ 32%] Built target ee4308_interfaces__rosidl_typesupport_c
[0.130s] [ 41%] Built target ee4308_interfaces__rosidl_typesupport_fastrtps_cpp
[0.130s] [ 51%] Built target ee4308_interfaces__rosidl_typesupport_introspection_cpp
[0.130s] [ 61%] Built target ee4308_interfaces__rosidl_typesupport_cpp
[0.130s] [ 70%] Built target ee4308_interfaces__rosidl_typesupport_fastrtps_c
[0.143s] [ 70%] Built target ee4308_interfaces
[0.153s] [ 74%] Built target ee4308_interfaces__py
[0.163s] [ 80%] Built target ee4308_interfaces__rosidl_generator_py
[0.175s] [ 87%] Built target ee4308_interfaces__rosidl_typesupport_fastrtps_c__pyext
[0.175s] [ 93%] Built target ee4308_interfaces__rosidl_typesupport_introspection_c__pyext
[0.175s] [100%] Built target ee4308_interfaces__rosidl_typesupport_c__pyext
[0.243s] running egg_info
[0.244s] writing ee4308_interfaces.egg-info/PKG-INFO
[0.244s] writing dependency_links to ee4308_interfaces.egg-info/dependency_links.txt
[0.244s] writing top-level names to ee4308_interfaces.egg-info/top_level.txt
[0.246s] reading manifest file 'ee4308_interfaces.egg-info/SOURCES.txt'
[0.246s] writing manifest file 'ee4308_interfaces.egg-info/SOURCES.txt'
[0.261s] [100%] Built target ament_cmake_python_build_ee4308_interfaces_egg
[0.266s] Invoked command in '/home/chen/ee4308_proj1_2/ee4308_proj1_2/build/ee4308_interfaces' returned '0': CMAKE_PREFIX_PATH=${CMAKE_PREFIX_PATH}:/opt/ros/humble /usr/bin/cmake --build /home/chen/ee4308_proj1_2/ee4308_proj1_2/build/ee4308_interfaces -- -j20 -l20
[0.293s] Invoking command in '/home/chen/ee4308_proj1_2/ee4308_proj1_2/build/ee4308_interfaces': CMAKE_PREFIX_PATH=${CMAKE_PREFIX_PATH}:/opt/ros/humble /usr/bin/cmake --install /home/chen/ee4308_proj1_2/ee4308_proj1_2/build/ee4308_interfaces
[0.296s] -- Install configuration: ""
[0.297s] -- Execute custom install script
[0.297s] -- Up-to-date symlink: /home/chen/ee4308_proj1_2/ee4308_proj1_2/install/ee4308_interfaces/share/ament_index/resource_index/rosidl_interfaces/ee4308_interfaces
[0.297s] -- Up-to-date symlink: /home/chen/ee4308_proj1_2/ee4308_proj1_2/install/ee4308_interfaces/include/ee4308_interfaces/ee4308_interfaces/msg/rosidl_generator_c__visibility_control.h
[0.297s] -- Up-to-date symlink: /home/chen/ee4308_proj1_2/ee4308_proj1_2/install/ee4308_interfaces/include/ee4308_interfaces/ee4308_interfaces/srv/detail/waypoint__functions.h
[0.297s] -- Up-to-date symlink: /home/chen/ee4308_proj1_2/ee4308_proj1_2/install/ee4308_interfaces/include/ee4308_interfaces/ee4308_interfaces/srv/detail/waypoint__struct.h
[0.297s] -- Up-to-date symlink: /home/chen/ee4308_proj1_2/ee4308_proj1_2/install/ee4308_interfaces/include/ee4308_interfaces/ee4308_interfaces/srv/detail/waypoint__type_support.h
[0.297s] -- Up-to-date symlink: /home/chen/ee4308_proj1_2/ee4308_proj1_2/install/ee4308_interfaces/include/ee4308_interfaces/ee4308_interfaces/srv/waypoint.h
[0.297s] -- Up-to-date symlink: /home/chen/ee4308_proj1_2/ee4308_proj1_2/install/ee4308_interfaces/share/ee4308_interfaces/environment/library_path.sh
[0.298s] -- Up-to-date symlink: /home/chen/ee4308_proj1_2/ee4308_proj1_2/install/ee4308_interfaces/share/ee4308_interfaces/environment/library_path.dsv
[0.298s] -- Up-to-date symlink: /home/chen/ee4308_proj1_2/ee4308_proj1_2/install/ee4308_interfaces/include/ee4308_interfaces/ee4308_interfaces/msg/rosidl_typesupport_fastrtps_c__visibility_control.h
[0.298s] -- Up-to-date symlink: /home/chen/ee4308_proj1_2/ee4308_proj1_2/install/ee4308_interfaces/include/ee4308_interfaces/ee4308_interfaces/srv/detail/waypoint__rosidl_typesupport_fastrtps_c.h
[0.298s] -- Up-to-date symlink: /home/chen/ee4308_proj1_2/ee4308_proj1_2/install/ee4308_interfaces/include/ee4308_interfaces/ee4308_interfaces/srv/detail/waypoint__builder.hpp
[0.298s] -- Up-to-date symlink: /home/chen/ee4308_proj1_2/ee4308_proj1_2/install/ee4308_interfaces/include/ee4308_interfaces/ee4308_interfaces/srv/detail/waypoint__struct.hpp
[0.298s] -- Up-to-date symlink: /home/chen/ee4308_proj1_2/ee4308_proj1_2/install/ee4308_interfaces/include/ee4308_interfaces/ee4308_interfaces/srv/detail/waypoint__traits.hpp
[0.298s] -- Up-to-date symlink: /home/chen/ee4308_proj1_2/ee4308_proj1_2/install/ee4308_interfaces/include/ee4308_interfaces/ee4308_interfaces/srv/waypoint.hpp
[0.298s] -- Up-to-date symlink: /home/chen/ee4308_proj1_2/ee4308_proj1_2/install/ee4308_interfaces/include/ee4308_interfaces/ee4308_interfaces/msg/rosidl_typesupport_fastrtps_cpp__visibility_control.h
[0.298s] -- Up-to-date symlink: /home/chen/ee4308_proj1_2/ee4308_proj1_2/install/ee4308_interfaces/include/ee4308_interfaces/ee4308_interfaces/srv/detail/waypoint__rosidl_typesupport_fastrtps_cpp.hpp
[0.299s] -- Up-to-date symlink: /home/chen/ee4308_proj1_2/ee4308_proj1_2/install/ee4308_interfaces/include/ee4308_interfaces/ee4308_interfaces/msg/rosidl_typesupport_introspection_c__visibility_control.h
[0.299s] -- Up-to-date symlink: /home/chen/ee4308_proj1_2/ee4308_proj1_2/install/ee4308_interfaces/include/ee4308_interfaces/ee4308_interfaces/srv/detail/waypoint__rosidl_typesupport_introspection_c.h
[0.299s] -- Up-to-date symlink: /home/chen/ee4308_proj1_2/ee4308_proj1_2/install/ee4308_interfaces/include/ee4308_interfaces/ee4308_interfaces/srv/detail/waypoint__rosidl_typesupport_introspection_cpp.hpp
[0.299s] -- Up-to-date symlink: /home/chen/ee4308_proj1_2/ee4308_proj1_2/install/ee4308_interfaces/share/ee4308_interfaces/environment/pythonpath.sh
[0.299s] -- Up-to-date symlink: /home/chen/ee4308_proj1_2/ee4308_proj1_2/install/ee4308_interfaces/share/ee4308_interfaces/environment/pythonpath.dsv
[0.299s] -- Up-to-date symlink: /home/chen/ee4308_proj1_2/ee4308_proj1_2/install/ee4308_interfaces/local/lib/python3.10/dist-packages/ee4308_interfaces-0.0.0-py3.10.egg-info/PKG-INFO
[0.299s] -- Up-to-date symlink: /home/chen/ee4308_proj1_2/ee4308_proj1_2/install/ee4308_interfaces/local/lib/python3.10/dist-packages/ee4308_interfaces-0.0.0-py3.10.egg-info/SOURCES.txt
[0.299s] -- Up-to-date symlink: /home/chen/ee4308_proj1_2/ee4308_proj1_2/install/ee4308_interfaces/local/lib/python3.10/dist-packages/ee4308_interfaces-0.0.0-py3.10.egg-info/dependency_links.txt
[0.299s] -- Up-to-date symlink: /home/chen/ee4308_proj1_2/ee4308_proj1_2/install/ee4308_interfaces/local/lib/python3.10/dist-packages/ee4308_interfaces-0.0.0-py3.10.egg-info/top_level.txt
[0.300s] -- Up-to-date symlink: /home/chen/ee4308_proj1_2/ee4308_proj1_2/install/ee4308_interfaces/local/lib/python3.10/dist-packages/ee4308_interfaces/__init__.py
[0.300s] -- Up-to-date symlink: /home/chen/ee4308_proj1_2/ee4308_proj1_2/install/ee4308_interfaces/local/lib/python3.10/dist-packages/ee4308_interfaces/_ee4308_interfaces_s.ep.rosidl_typesupport_c.c
[0.300s] -- Up-to-date symlink: /home/chen/ee4308_proj1_2/ee4308_proj1_2/install/ee4308_interfaces/local/lib/python3.10/dist-packages/ee4308_interfaces/_ee4308_interfaces_s.ep.rosidl_typesupport_fastrtps_c.c
[0.300s] -- Up-to-date symlink: /home/chen/ee4308_proj1_2/ee4308_proj1_2/install/ee4308_interfaces/local/lib/python3.10/dist-packages/ee4308_interfaces/_ee4308_interfaces_s.ep.rosidl_typesupport_introspection_c.c
[0.300s] -- Up-to-date symlink: /home/chen/ee4308_proj1_2/ee4308_proj1_2/install/ee4308_interfaces/local/lib/python3.10/dist-packages/ee4308_interfaces/ee4308_interfaces_s__rosidl_typesupport_c.cpython-310-x86_64-linux-gnu.so
[0.300s] -- Up-to-date symlink: /home/chen/ee4308_proj1_2/ee4308_proj1_2/install/ee4308_interfaces/local/lib/python3.10/dist-packages/ee4308_interfaces/ee4308_interfaces_s__rosidl_typesupport_fastrtps_c.cpython-310-x86_64-linux-gnu.so
[0.300s] -- Up-to-date symlink: /home/chen/ee4308_proj1_2/ee4308_proj1_2/install/ee4308_interfaces/local/lib/python3.10/dist-packages/ee4308_interfaces/ee4308_interfaces_s__rosidl_typesupport_introspection_c.cpython-310-x86_64-linux-gnu.so
[0.300s] -- Up-to-date symlink: /home/chen/ee4308_proj1_2/ee4308_proj1_2/install/ee4308_interfaces/local/lib/python3.10/dist-packages/ee4308_interfaces/libee4308_interfaces__rosidl_generator_py.so
[0.300s] -- Up-to-date symlink: /home/chen/ee4308_proj1_2/ee4308_proj1_2/install/ee4308_interfaces/local/lib/python3.10/dist-packages/ee4308_interfaces/srv/__init__.py
[0.300s] -- Up-to-date symlink: /home/chen/ee4308_proj1_2/ee4308_proj1_2/install/ee4308_interfaces/local/lib/python3.10/dist-packages/ee4308_interfaces/srv/_waypoint.py
[0.300s] -- Up-to-date symlink: /home/chen/ee4308_proj1_2/ee4308_proj1_2/install/ee4308_interfaces/local/lib/python3.10/dist-packages/ee4308_interfaces/srv/_waypoint_s.c
[0.300s] -- Up-to-date symlink: /home/chen/ee4308_proj1_2/ee4308_proj1_2/install/ee4308_interfaces/local/lib/python3.10/dist-packages/ee4308_interfaces/ee4308_interfaces_s__rosidl_typesupport_fastrtps_c.cpython-310-x86_64-linux-gnu.so
[0.301s] -- Up-to-date symlink: /home/chen/ee4308_proj1_2/ee4308_proj1_2/install/ee4308_interfaces/local/lib/python3.10/dist-packages/ee4308_interfaces/ee4308_interfaces_s__rosidl_typesupport_introspection_c.cpython-310-x86_64-linux-gnu.so
[0.301s] -- Up-to-date symlink: /home/chen/ee4308_proj1_2/ee4308_proj1_2/install/ee4308_interfaces/local/lib/python3.10/dist-packages/ee4308_interfaces/ee4308_interfaces_s__rosidl_typesupport_c.cpython-310-x86_64-linux-gnu.so
[0.301s] -- Up-to-date symlink: /home/chen/ee4308_proj1_2/ee4308_proj1_2/install/ee4308_interfaces/share/ee4308_interfaces/srv/Waypoint.idl
[0.301s] -- Up-to-date symlink: /home/chen/ee4308_proj1_2/ee4308_proj1_2/install/ee4308_interfaces/share/ee4308_interfaces/srv/Waypoint.srv
[0.301s] -- Up-to-date symlink: /home/chen/ee4308_proj1_2/ee4308_proj1_2/install/ee4308_interfaces/share/ee4308_interfaces/srv/Waypoint_Request.msg
[0.301s] -- Up-to-date symlink: /home/chen/ee4308_proj1_2/ee4308_proj1_2/install/ee4308_interfaces/share/ee4308_interfaces/srv/Waypoint_Response.msg
[0.301s] -- Up-to-date symlink: /home/chen/ee4308_proj1_2/ee4308_proj1_2/install/ee4308_interfaces/share/ee4308_interfaces//srv/Waypoint.srv
[0.301s] -- Up-to-date symlink: /home/chen/ee4308_proj1_2/ee4308_proj1_2/install/ee4308_interfaces/share/ament_index/resource_index/package_run_dependencies/ee4308_interfaces
[0.301s] -- Up-to-date symlink: /home/chen/ee4308_proj1_2/ee4308_proj1_2/install/ee4308_interfaces/share/ament_index/resource_index/parent_prefix_path/ee4308_interfaces
[0.302s] -- Up-to-date symlink: /home/chen/ee4308_proj1_2/ee4308_proj1_2/install/ee4308_interfaces/share/ee4308_interfaces/environment/ament_prefix_path.sh
[0.302s] -- Up-to-date symlink: /home/chen/ee4308_proj1_2/ee4308_proj1_2/install/ee4308_interfaces/share/ee4308_interfaces/environment/ament_prefix_path.dsv
[0.302s] -- Up-to-date symlink: /home/chen/ee4308_proj1_2/ee4308_proj1_2/install/ee4308_interfaces/share/ee4308_interfaces/environment/path.sh
[0.302s] -- Up-to-date symlink: /home/chen/ee4308_proj1_2/ee4308_proj1_2/install/ee4308_interfaces/share/ee4308_interfaces/environment/path.dsv
[0.302s] -- Up-to-date symlink: /home/chen/ee4308_proj1_2/ee4308_proj1_2/install/ee4308_interfaces/share/ee4308_interfaces/local_setup.bash
[0.302s] -- Up-to-date symlink: /home/chen/ee4308_proj1_2/ee4308_proj1_2/install/ee4308_interfaces/share/ee4308_interfaces/local_setup.sh
[0.302s] -- Up-to-date symlink: /home/chen/ee4308_proj1_2/ee4308_proj1_2/install/ee4308_interfaces/share/ee4308_interfaces/local_setup.zsh
[0.302s] -- Up-to-date symlink: /home/chen/ee4308_proj1_2/ee4308_proj1_2/install/ee4308_interfaces/share/ee4308_interfaces/local_setup.dsv
[0.302s] -- Symlinking: /home/chen/ee4308_proj1_2/ee4308_proj1_2/install/ee4308_interfaces/share/ee4308_interfaces/package.dsv
[0.306s] -- Up-to-date symlink: /home/chen/ee4308_proj1_2/ee4308_proj1_2/install/ee4308_interfaces/share/ament_index/resource_index/packages/ee4308_interfaces
[0.307s] -- Up-to-date symlink: /home/chen/ee4308_proj1_2/ee4308_proj1_2/install/ee4308_interfaces/share/ee4308_interfaces/cmake/rosidl_cmake-extras.cmake
[0.307s] -- Up-to-date symlink: /home/chen/ee4308_proj1_2/ee4308_proj1_2/install/ee4308_interfaces/share/ee4308_interfaces/cmake/ament_cmake_export_dependencies-extras.cmake
[0.307s] -- Up-to-date symlink: /home/chen/ee4308_proj1_2/ee4308_proj1_2/install/ee4308_interfaces/share/ee4308_interfaces/cmake/ament_cmake_export_include_directories-extras.cmake
[0.307s] -- Up-to-date symlink: /home/chen/ee4308_proj1_2/ee4308_proj1_2/install/ee4308_interfaces/share/ee4308_interfaces/cmake/ament_cmake_export_libraries-extras.cmake
[0.307s] -- Up-to-date symlink: /home/chen/ee4308_proj1_2/ee4308_proj1_2/install/ee4308_interfaces/share/ee4308_interfaces/cmake/ament_cmake_export_targets-extras.cmake
[0.307s] -- Up-to-date symlink: /home/chen/ee4308_proj1_2/ee4308_proj1_2/install/ee4308_interfaces/share/ee4308_interfaces/cmake/rosidl_cmake_export_typesupport_targets-extras.cmake
[0.308s] -- Up-to-date symlink: /home/chen/ee4308_proj1_2/ee4308_proj1_2/install/ee4308_interfaces/share/ee4308_interfaces/cmake/rosidl_cmake_export_typesupport_libraries-extras.cmake
[0.308s] -- Up-to-date symlink: /home/chen/ee4308_proj1_2/ee4308_proj1_2/install/ee4308_interfaces/share/ee4308_interfaces/cmake/ee4308_interfacesConfig.cmake
[0.308s] -- Up-to-date symlink: /home/chen/ee4308_proj1_2/ee4308_proj1_2/install/ee4308_interfaces/share/ee4308_interfaces/cmake/ee4308_interfacesConfig-version.cmake
[0.308s] -- Up-to-date symlink: /home/chen/ee4308_proj1_2/ee4308_proj1_2/install/ee4308_interfaces/share/ee4308_interfaces/package.xml
[0.308s] -- Up-to-date: /home/chen/ee4308_proj1_2/ee4308_proj1_2/install/ee4308_interfaces/lib/libee4308_interfaces__rosidl_generator_c.so
[0.308s] -- Up-to-date: /home/chen/ee4308_proj1_2/ee4308_proj1_2/install/ee4308_interfaces/lib/libee4308_interfaces__rosidl_typesupport_fastrtps_c.so
[0.308s] -- Up-to-date: /home/chen/ee4308_proj1_2/ee4308_proj1_2/install/ee4308_interfaces/lib/libee4308_interfaces__rosidl_typesupport_fastrtps_cpp.so
[0.308s] -- Up-to-date: /home/chen/ee4308_proj1_2/ee4308_proj1_2/install/ee4308_interfaces/lib/libee4308_interfaces__rosidl_typesupport_introspection_c.so
[0.308s] -- Up-to-date: /home/chen/ee4308_proj1_2/ee4308_proj1_2/install/ee4308_interfaces/lib/libee4308_interfaces__rosidl_typesupport_c.so
[0.308s] -- Up-to-date: /home/chen/ee4308_proj1_2/ee4308_proj1_2/install/ee4308_interfaces/lib/libee4308_interfaces__rosidl_typesupport_introspection_cpp.so
[0.308s] -- Up-to-date: /home/chen/ee4308_proj1_2/ee4308_proj1_2/install/ee4308_interfaces/lib/libee4308_interfaces__rosidl_typesupport_cpp.so
[0.326s] Listing '/home/chen/ee4308_proj1_2/ee4308_proj1_2/install/ee4308_interfaces/local/lib/python3.10/dist-packages/ee4308_interfaces'...
[0.326s] Listing '/home/chen/ee4308_proj1_2/ee4308_proj1_2/install/ee4308_interfaces/local/lib/python3.10/dist-packages/ee4308_interfaces/srv'...
[0.329s] -- Up-to-date: /home/chen/ee4308_proj1_2/ee4308_proj1_2/install/ee4308_interfaces/lib/libee4308_interfaces__rosidl_generator_py.so
[0.329s] -- Up-to-date: /home/chen/ee4308_proj1_2/ee4308_proj1_2/install/ee4308_interfaces/share/ee4308_interfaces/cmake/export_ee4308_interfaces__rosidl_generator_cExport.cmake
[0.329s] -- Up-to-date: /home/chen/ee4308_proj1_2/ee4308_proj1_2/install/ee4308_interfaces/share/ee4308_interfaces/cmake/export_ee4308_interfaces__rosidl_generator_cExport-noconfig.cmake
[0.329s] -- Up-to-date: /home/chen/ee4308_proj1_2/ee4308_proj1_2/install/ee4308_interfaces/share/ee4308_interfaces/cmake/export_ee4308_interfaces__rosidl_typesupport_fastrtps_cExport.cmake
[0.329s] -- Up-to-date: /home/chen/ee4308_proj1_2/ee4308_proj1_2/install/ee4308_interfaces/share/ee4308_interfaces/cmake/export_ee4308_interfaces__rosidl_typesupport_fastrtps_cExport-noconfig.cmake
[0.329s] -- Up-to-date: /home/chen/ee4308_proj1_2/ee4308_proj1_2/install/ee4308_interfaces/share/ee4308_interfaces/cmake/export_ee4308_interfaces__rosidl_generator_cppExport.cmake
[0.329s] -- Up-to-date: /home/chen/ee4308_proj1_2/ee4308_proj1_2/install/ee4308_interfaces/share/ee4308_interfaces/cmake/export_ee4308_interfaces__rosidl_typesupport_fastrtps_cppExport.cmake
[0.330s] -- Up-to-date: /home/chen/ee4308_proj1_2/ee4308_proj1_2/install/ee4308_interfaces/share/ee4308_interfaces/cmake/export_ee4308_interfaces__rosidl_typesupport_fastrtps_cppExport-noconfig.cmake
[0.330s] -- Up-to-date: /home/chen/ee4308_proj1_2/ee4308_proj1_2/install/ee4308_interfaces/share/ee4308_interfaces/cmake/ee4308_interfaces__rosidl_typesupport_introspection_cExport.cmake
[0.330s] -- Up-to-date: /home/chen/ee4308_proj1_2/ee4308_proj1_2/install/ee4308_interfaces/share/ee4308_interfaces/cmake/ee4308_interfaces__rosidl_typesupport_introspection_cExport-noconfig.cmake
[0.330s] -- Up-to-date: /home/chen/ee4308_proj1_2/ee4308_proj1_2/install/ee4308_interfaces/share/ee4308_interfaces/cmake/ee4308_interfaces__rosidl_typesupport_cExport.cmake
[0.330s] -- Up-to-date: /home/chen/ee4308_proj1_2/ee4308_proj1_2/install/ee4308_interfaces/share/ee4308_interfaces/cmake/ee4308_interfaces__rosidl_typesupport_cExport-noconfig.cmake
[0.330s] -- Up-to-date: /home/chen/ee4308_proj1_2/ee4308_proj1_2/install/ee4308_interfaces/share/ee4308_interfaces/cmake/ee4308_interfaces__rosidl_typesupport_introspection_cppExport.cmake
[0.330s] -- Up-to-date: /home/chen/ee4308_proj1_2/ee4308_proj1_2/install/ee4308_interfaces/share/ee4308_interfaces/cmake/ee4308_interfaces__rosidl_typesupport_introspection_cppExport-noconfig.cmake
[0.330s] -- Up-to-date: /home/chen/ee4308_proj1_2/ee4308_proj1_2/install/ee4308_interfaces/share/ee4308_interfaces/cmake/ee4308_interfaces__rosidl_typesupport_cppExport.cmake
[0.330s] -- Up-to-date: /home/chen/ee4308_proj1_2/ee4308_proj1_2/install/ee4308_interfaces/share/ee4308_interfaces/cmake/ee4308_interfaces__rosidl_typesupport_cppExport-noconfig.cmake
[0.330s] -- Up-to-date: /home/chen/ee4308_proj1_2/ee4308_proj1_2/install/ee4308_interfaces/share/ee4308_interfaces/cmake/export_ee4308_interfaces__rosidl_generator_pyExport.cmake
[0.330s] -- Up-to-date: /home/chen/ee4308_proj1_2/ee4308_proj1_2/install/ee4308_interfaces/share/ee4308_interfaces/cmake/export_ee4308_interfaces__rosidl_generator_pyExport-noconfig.cmake
[0.331s] Invoked command in '/home/chen/ee4308_proj1_2/ee4308_proj1_2/build/ee4308_interfaces' returned '0': CMAKE_PREFIX_PATH=${CMAKE_PREFIX_PATH}:/opt/ros/humble /usr/bin/cmake --install /home/chen/ee4308_proj1_2/ee4308_proj1_2/build/ee4308_interfaces
